{"/Users/lateef/Documents/personal/banka/Api/src/index.js":{"path":"/Users/lateef/Documents/personal/banka/Api/src/index.js","statementMap":{"0":{"start":{"line":3,"column":0},"end":{"line":5,"column":3}},"1":{"start":{"line":6,"column":0},"end":{"line":6,"column":25}},"2":{"start":{"line":8,"column":15},"end":{"line":8,"column":57}},"3":{"start":{"line":10,"column":18},"end":{"line":10,"column":64}},"4":{"start":{"line":12,"column":13},"end":{"line":12,"column":68}},"5":{"start":{"line":14,"column":16},"end":{"line":14,"column":74}},"6":{"start":{"line":16,"column":20},"end":{"line":16,"column":82}},"7":{"start":{"line":18,"column":39},"end":{"line":18,"column":93}},"8":{"start":{"line":20,"column":10},"end":{"line":20,"column":33}},"9":{"start":{"line":21,"column":0},"end":{"line":21,"column":36}},"10":{"start":{"line":22,"column":0},"end":{"line":27,"column":3}},"11":{"start":{"line":23,"column":2},"end":{"line":26,"column":5}},"12":{"start":{"line":28,"column":0},"end":{"line":28,"column":40}},"13":{"start":{"line":29,"column":0},"end":{"line":29,"column":47}},"14":{"start":{"line":30,"column":0},"end":{"line":30,"column":55}},"15":{"start":{"line":31,"column":0},"end":{"line":35,"column":3}},"16":{"start":{"line":32,"column":14},"end":{"line":32,"column":36}},"17":{"start":{"line":33,"column":2},"end":{"line":33,"column":21}},"18":{"start":{"line":34,"column":2},"end":{"line":34,"column":14}},"19":{"start":{"line":36,"column":0},"end":{"line":42,"column":3}},"20":{"start":{"line":37,"column":2},"end":{"line":41,"column":5}},"21":{"start":{"line":43,"column":15},"end":{"line":43,"column":18}},"22":{"start":{"line":44,"column":0},"end":{"line":44,"column":27}}},"fnMap":{"0":{"name":"_interopRequireDefault","decl":{"start":{"line":18,"column":9},"end":{"line":18,"column":31}},"loc":{"start":{"line":18,"column":37},"end":{"line":18,"column":95}},"line":18},"1":{"name":"(anonymous_1)","decl":{"start":{"line":22,"column":13},"end":{"line":22,"column":14}},"loc":{"start":{"line":22,"column":33},"end":{"line":27,"column":1}},"line":22},"2":{"name":"(anonymous_2)","decl":{"start":{"line":31,"column":8},"end":{"line":31,"column":9}},"loc":{"start":{"line":31,"column":34},"end":{"line":35,"column":1}},"line":31},"3":{"name":"(anonymous_3)","decl":{"start":{"line":36,"column":8},"end":{"line":36,"column":9}},"loc":{"start":{"line":36,"column":35},"end":{"line":42,"column":1}},"line":36}},"branchMap":{"0":{"loc":{"start":{"line":18,"column":46},"end":{"line":18,"column":92}},"type":"cond-expr","locations":[{"start":{"line":18,"column":70},"end":{"line":18,"column":73}},{"start":{"line":18,"column":76},"end":{"line":18,"column":92}}],"line":18},"1":{"loc":{"start":{"line":18,"column":46},"end":{"line":18,"column":67}},"type":"binary-expr","locations":[{"start":{"line":18,"column":46},"end":{"line":18,"column":49}},{"start":{"line":18,"column":53},"end":{"line":18,"column":67}}],"line":18},"2":{"loc":{"start":{"line":37,"column":13},"end":{"line":37,"column":32}},"type":"binary-expr","locations":[{"start":{"line":37,"column":13},"end":{"line":37,"column":25}},{"start":{"line":37,"column":29},"end":{"line":37,"column":32}}],"line":37}},"s":{"0":1,"1":1,"2":1,"3":1,"4":1,"5":1,"6":1,"7":5,"8":1,"9":1,"10":1,"11":1,"12":1,"13":1,"14":1,"15":1,"16":0,"17":0,"18":0,"19":1,"20":0,"21":1,"22":1},"f":{"0":5,"1":1,"2":0,"3":0},"b":{"0":[3,2],"1":[5,5],"2":[0,0]},"_coverageSchema":"43e27e138ebf9cfc5966b082cf9a028302ed4184","hash":"a5bfc05a3e74db91a175d63015a0a44b5458a9e8","contentHash":"cd5d9c2b831745ed20c189e0676689bffd94dff84ab0a5125bdfff6df7c587d8"},"/Users/lateef/Documents/personal/banka/Api/src/routes/users.route.js":{"path":"/Users/lateef/Documents/personal/banka/Api/src/routes/users.route.js","statementMap":{"0":{"start":{"line":3,"column":0},"end":{"line":5,"column":3}},"1":{"start":{"line":6,"column":0},"end":{"line":6,"column":25}},"2":{"start":{"line":8,"column":15},"end":{"line":8,"column":33}},"3":{"start":{"line":10,"column":12},"end":{"line":10,"column":77}},"4":{"start":{"line":12,"column":39},"end":{"line":12,"column":93}},"5":{"start":{"line":14,"column":13},"end":{"line":14,"column":35}},"6":{"start":{"line":15,"column":0},"end":{"line":15,"column":41}},"7":{"start":{"line":16,"column":0},"end":{"line":16,"column":48}},"8":{"start":{"line":17,"column":0},"end":{"line":17,"column":45}},"9":{"start":{"line":18,"column":0},"end":{"line":18,"column":43}},"10":{"start":{"line":19,"column":15},"end":{"line":19,"column":21}},"11":{"start":{"line":20,"column":0},"end":{"line":20,"column":27}}},"fnMap":{"0":{"name":"_interopRequireDefault","decl":{"start":{"line":12,"column":9},"end":{"line":12,"column":31}},"loc":{"start":{"line":12,"column":37},"end":{"line":12,"column":95}},"line":12}},"branchMap":{"0":{"loc":{"start":{"line":12,"column":46},"end":{"line":12,"column":92}},"type":"cond-expr","locations":[{"start":{"line":12,"column":70},"end":{"line":12,"column":73}},{"start":{"line":12,"column":76},"end":{"line":12,"column":92}}],"line":12},"1":{"loc":{"start":{"line":12,"column":46},"end":{"line":12,"column":67}},"type":"binary-expr","locations":[{"start":{"line":12,"column":46},"end":{"line":12,"column":49}},{"start":{"line":12,"column":53},"end":{"line":12,"column":67}}],"line":12}},"s":{"0":1,"1":1,"2":1,"3":1,"4":1,"5":1,"6":1,"7":1,"8":1,"9":1,"10":1,"11":1},"f":{"0":1},"b":{"0":[1,0],"1":[1,1]},"_coverageSchema":"43e27e138ebf9cfc5966b082cf9a028302ed4184","hash":"0b010944b82ade5fe54c559488ff9b79dd087a18","contentHash":"babfa40f55f6459bf62269e66aec4457525d0e1403fbf6645a3a54ee96823150"},"/Users/lateef/Documents/personal/banka/Api/src/controllers/user.controller.js":{"path":"/Users/lateef/Documents/personal/banka/Api/src/controllers/user.controller.js","statementMap":{"0":{"start":{"line":3,"column":0},"end":{"line":5,"column":3}},"1":{"start":{"line":6,"column":0},"end":{"line":6,"column":25}},"2":{"start":{"line":8,"column":12},"end":{"line":8,"column":71}},"3":{"start":{"line":10,"column":39},"end":{"line":10,"column":93}},"4":{"start":{"line":12,"column":50},"end":{"line":12,"column":151}},"5":{"start":{"line":12,"column":92},"end":{"line":12,"column":149}},"6":{"start":{"line":14,"column":44},"end":{"line":14,"column":315}},"7":{"start":{"line":14,"column":57},"end":{"line":14,"column":58}},"8":{"start":{"line":14,"column":102},"end":{"line":14,"column":110}},"9":{"start":{"line":14,"column":112},"end":{"line":14,"column":167}},"10":{"start":{"line":14,"column":168},"end":{"line":14,"column":199}},"11":{"start":{"line":14,"column":200},"end":{"line":14,"column":254}},"12":{"start":{"line":14,"column":227},"end":{"line":14,"column":254}},"13":{"start":{"line":14,"column":255},"end":{"line":14,"column":313}},"14":{"start":{"line":16,"column":62},"end":{"line":16,"column":131}},"15":{"start":{"line":16,"column":78},"end":{"line":16,"column":131}},"16":{"start":{"line":16,"column":132},"end":{"line":16,"column":193}},"17":{"start":{"line":16,"column":149},"end":{"line":16,"column":193}},"18":{"start":{"line":16,"column":194},"end":{"line":16,"column":213}},"19":{"start":{"line":20,"column":0},"end":{"line":101,"column":3}},"20":{"start":{"line":22,"column":4},"end":{"line":22,"column":42}},"21":{"start":{"line":25,"column":2},"end":{"line":98,"column":6}},"22":{"start":{"line":28,"column":21},"end":{"line":28,"column":45}},"23":{"start":{"line":30,"column":6},"end":{"line":33,"column":9}},"24":{"start":{"line":38,"column":15},"end":{"line":38,"column":28}},"25":{"start":{"line":40,"column":22},"end":{"line":40,"column":51}},"26":{"start":{"line":42,"column":6},"end":{"line":49,"column":7}},"27":{"start":{"line":43,"column":24},"end":{"line":43,"column":43}},"28":{"start":{"line":44,"column":22},"end":{"line":44,"column":39}},"29":{"start":{"line":45,"column":8},"end":{"line":48,"column":11}},"30":{"start":{"line":51,"column":6},"end":{"line":54,"column":9}},"31":{"start":{"line":59,"column":17},"end":{"line":59,"column":25}},"32":{"start":{"line":61,"column":24},"end":{"line":61,"column":50}},"33":{"start":{"line":63,"column":6},"end":{"line":72,"column":7}},"34":{"start":{"line":64,"column":24},"end":{"line":64,"column":45}},"35":{"start":{"line":65,"column":22},"end":{"line":65,"column":41}},"36":{"start":{"line":66,"column":21},"end":{"line":66,"column":39}},"37":{"start":{"line":67,"column":8},"end":{"line":71,"column":11}},"38":{"start":{"line":74,"column":6},"end":{"line":77,"column":9}},"39":{"start":{"line":82,"column":17},"end":{"line":82,"column":25}},"40":{"start":{"line":84,"column":25},"end":{"line":84,"column":50}},"41":{"start":{"line":86,"column":6},"end":{"line":91,"column":7}},"42":{"start":{"line":87,"column":8},"end":{"line":90,"column":11}},"43":{"start":{"line":93,"column":6},"end":{"line":96,"column":9}},"44":{"start":{"line":100,"column":2},"end":{"line":100,"column":24}},"45":{"start":{"line":103,"column":15},"end":{"line":103,"column":29}},"46":{"start":{"line":104,"column":0},"end":{"line":104,"column":27}}},"fnMap":{"0":{"name":"_interopRequireDefault","decl":{"start":{"line":10,"column":9},"end":{"line":10,"column":31}},"loc":{"start":{"line":10,"column":37},"end":{"line":10,"column":95}},"line":10},"1":{"name":"_classCallCheck","decl":{"start":{"line":12,"column":9},"end":{"line":12,"column":24}},"loc":{"start":{"line":12,"column":48},"end":{"line":12,"column":153}},"line":12},"2":{"name":"_defineProperties","decl":{"start":{"line":14,"column":9},"end":{"line":14,"column":26}},"loc":{"start":{"line":14,"column":42},"end":{"line":14,"column":317}},"line":14},"3":{"name":"_createClass","decl":{"start":{"line":16,"column":9},"end":{"line":16,"column":21}},"loc":{"start":{"line":16,"column":60},"end":{"line":16,"column":215}},"line":16},"4":{"name":"(anonymous_4)","decl":{"start":{"line":20,"column":0},"end":{"line":20,"column":1}},"loc":{"start":{"line":20,"column":12},"end":{"line":101,"column":1}},"line":20},"5":{"name":"UserController","decl":{"start":{"line":21,"column":11},"end":{"line":21,"column":25}},"loc":{"start":{"line":21,"column":28},"end":{"line":23,"column":3}},"line":21},"6":{"name":"listUsers","decl":{"start":{"line":27,"column":20},"end":{"line":27,"column":29}},"loc":{"start":{"line":27,"column":40},"end":{"line":34,"column":5}},"line":27},"7":{"name":"getSingleUser","decl":{"start":{"line":37,"column":20},"end":{"line":37,"column":33}},"loc":{"start":{"line":37,"column":44},"end":{"line":55,"column":5}},"line":37},"8":{"name":"signup","decl":{"start":{"line":58,"column":20},"end":{"line":58,"column":26}},"loc":{"start":{"line":58,"column":37},"end":{"line":78,"column":5}},"line":58},"9":{"name":"login","decl":{"start":{"line":81,"column":20},"end":{"line":81,"column":25}},"loc":{"start":{"line":81,"column":36},"end":{"line":97,"column":5}},"line":81}},"branchMap":{"0":{"loc":{"start":{"line":10,"column":46},"end":{"line":10,"column":92}},"type":"cond-expr","locations":[{"start":{"line":10,"column":70},"end":{"line":10,"column":73}},{"start":{"line":10,"column":76},"end":{"line":10,"column":92}}],"line":10},"1":{"loc":{"start":{"line":10,"column":46},"end":{"line":10,"column":67}},"type":"binary-expr","locations":[{"start":{"line":10,"column":46},"end":{"line":10,"column":49}},{"start":{"line":10,"column":53},"end":{"line":10,"column":67}}],"line":10},"2":{"loc":{"start":{"line":12,"column":50},"end":{"line":12,"column":151}},"type":"if","locations":[{"start":{"line":12,"column":50},"end":{"line":12,"column":151}},{"start":{"line":12,"column":50},"end":{"line":12,"column":151}}],"line":12},"3":{"loc":{"start":{"line":14,"column":136},"end":{"line":14,"column":166}},"type":"binary-expr","locations":[{"start":{"line":14,"column":136},"end":{"line":14,"column":157}},{"start":{"line":14,"column":161},"end":{"line":14,"column":166}}],"line":14},"4":{"loc":{"start":{"line":14,"column":200},"end":{"line":14,"column":254}},"type":"if","locations":[{"start":{"line":14,"column":200},"end":{"line":14,"column":254}},{"start":{"line":14,"column":200},"end":{"line":14,"column":254}}],"line":14},"5":{"loc":{"start":{"line":16,"column":62},"end":{"line":16,"column":131}},"type":"if","locations":[{"start":{"line":16,"column":62},"end":{"line":16,"column":131}},{"start":{"line":16,"column":62},"end":{"line":16,"column":131}}],"line":16},"6":{"loc":{"start":{"line":16,"column":132},"end":{"line":16,"column":193}},"type":"if","locations":[{"start":{"line":16,"column":132},"end":{"line":16,"column":193}},{"start":{"line":16,"column":132},"end":{"line":16,"column":193}}],"line":16},"7":{"loc":{"start":{"line":42,"column":6},"end":{"line":49,"column":7}},"type":"if","locations":[{"start":{"line":42,"column":6},"end":{"line":49,"column":7}},{"start":{"line":42,"column":6},"end":{"line":49,"column":7}}],"line":42},"8":{"loc":{"start":{"line":63,"column":6},"end":{"line":72,"column":7}},"type":"if","locations":[{"start":{"line":63,"column":6},"end":{"line":72,"column":7}},{"start":{"line":63,"column":6},"end":{"line":72,"column":7}}],"line":63},"9":{"loc":{"start":{"line":67,"column":26},"end":{"line":67,"column":42}},"type":"binary-expr","locations":[{"start":{"line":67,"column":26},"end":{"line":67,"column":35}},{"start":{"line":67,"column":39},"end":{"line":67,"column":42}}],"line":67},"10":{"loc":{"start":{"line":68,"column":18},"end":{"line":68,"column":34}},"type":"binary-expr","locations":[{"start":{"line":68,"column":18},"end":{"line":68,"column":27}},{"start":{"line":68,"column":31},"end":{"line":68,"column":34}}],"line":68},"11":{"loc":{"start":{"line":86,"column":6},"end":{"line":91,"column":7}},"type":"if","locations":[{"start":{"line":86,"column":6},"end":{"line":91,"column":7}},{"start":{"line":86,"column":6},"end":{"line":91,"column":7}}],"line":86}},"s":{"0":1,"1":1,"2":1,"3":1,"4":0,"5":0,"6":1,"7":1,"8":4,"9":4,"10":4,"11":4,"12":4,"13":4,"14":1,"15":0,"16":1,"17":1,"18":1,"19":1,"20":0,"21":1,"22":0,"23":0,"24":0,"25":0,"26":0,"27":0,"28":0,"29":0,"30":0,"31":3,"32":3,"33":3,"34":2,"35":2,"36":2,"37":2,"38":1,"39":2,"40":2,"41":2,"42":1,"43":1,"44":1,"45":1,"46":1},"f":{"0":1,"1":0,"2":1,"3":1,"4":1,"5":0,"6":0,"7":0,"8":3,"9":2},"b":{"0":[1,0],"1":[1,1],"2":[0,0],"3":[4,4],"4":[4,0],"5":[0,1],"6":[1,0],"7":[0,0],"8":[2,1],"9":[2,0],"10":[2,0],"11":[1,1]},"_coverageSchema":"43e27e138ebf9cfc5966b082cf9a028302ed4184","hash":"c433ac92d8660ee2817f043a750fb60b6998fba5","contentHash":"3edf8e3f8a01f80ba83b2a065fdbcc90d410ea21d30e049a5c9775fcdbc4e5b7"},"/Users/lateef/Documents/personal/banka/Api/src/services/user.service.js":{"path":"/Users/lateef/Documents/personal/banka/Api/src/services/user.service.js","statementMap":{"0":{"start":{"line":3,"column":0},"end":{"line":5,"column":3}},"1":{"start":{"line":6,"column":0},"end":{"line":6,"column":25}},"2":{"start":{"line":8,"column":14},"end":{"line":8,"column":57}},"3":{"start":{"line":10,"column":12},"end":{"line":10,"column":64}},"4":{"start":{"line":12,"column":13},"end":{"line":12,"column":68}},"5":{"start":{"line":14,"column":39},"end":{"line":14,"column":93}},"6":{"start":{"line":16,"column":35},"end":{"line":16,"column":115}},"7":{"start":{"line":18,"column":32},"end":{"line":18,"column":103}},"8":{"start":{"line":20,"column":34},"end":{"line":20,"column":160}},"9":{"start":{"line":20,"column":136},"end":{"line":20,"column":160}},"10":{"start":{"line":22,"column":35},"end":{"line":22,"column":164}},"11":{"start":{"line":22,"column":61},"end":{"line":22,"column":149}},"12":{"start":{"line":22,"column":74},"end":{"line":22,"column":75}},"13":{"start":{"line":22,"column":84},"end":{"line":22,"column":105}},"14":{"start":{"line":22,"column":130},"end":{"line":22,"column":147}},"15":{"start":{"line":22,"column":150},"end":{"line":22,"column":162}},"16":{"start":{"line":24,"column":33},"end":{"line":24,"column":464}},"17":{"start":{"line":24,"column":46},"end":{"line":24,"column":47}},"18":{"start":{"line":24,"column":91},"end":{"line":24,"column":131}},"19":{"start":{"line":24,"column":147},"end":{"line":24,"column":166}},"20":{"start":{"line":24,"column":168},"end":{"line":24,"column":382}},"21":{"start":{"line":24,"column":226},"end":{"line":24,"column":380}},"22":{"start":{"line":24,"column":312},"end":{"line":24,"column":375}},"23":{"start":{"line":24,"column":383},"end":{"line":24,"column":462}},"24":{"start":{"line":24,"column":416},"end":{"line":24,"column":458}},"25":{"start":{"line":24,"column":465},"end":{"line":24,"column":479}},"26":{"start":{"line":26,"column":44},"end":{"line":26,"column":195}},"27":{"start":{"line":26,"column":62},"end":{"line":26,"column":166}},"28":{"start":{"line":26,"column":176},"end":{"line":26,"column":193}},"29":{"start":{"line":26,"column":196},"end":{"line":26,"column":207}},"30":{"start":{"line":28,"column":50},"end":{"line":28,"column":151}},"31":{"start":{"line":28,"column":92},"end":{"line":28,"column":149}},"32":{"start":{"line":30,"column":44},"end":{"line":30,"column":315}},"33":{"start":{"line":30,"column":57},"end":{"line":30,"column":58}},"34":{"start":{"line":30,"column":102},"end":{"line":30,"column":110}},"35":{"start":{"line":30,"column":112},"end":{"line":30,"column":167}},"36":{"start":{"line":30,"column":168},"end":{"line":30,"column":199}},"37":{"start":{"line":30,"column":200},"end":{"line":30,"column":254}},"38":{"start":{"line":30,"column":227},"end":{"line":30,"column":254}},"39":{"start":{"line":30,"column":255},"end":{"line":30,"column":313}},"40":{"start":{"line":32,"column":62},"end":{"line":32,"column":131}},"41":{"start":{"line":32,"column":78},"end":{"line":32,"column":131}},"42":{"start":{"line":32,"column":132},"end":{"line":32,"column":193}},"43":{"start":{"line":32,"column":149},"end":{"line":32,"column":193}},"44":{"start":{"line":32,"column":194},"end":{"line":32,"column":213}},"45":{"start":{"line":36,"column":0},"end":{"line":140,"column":3}},"46":{"start":{"line":38,"column":4},"end":{"line":38,"column":39}},"47":{"start":{"line":41,"column":2},"end":{"line":137,"column":6}},"48":{"start":{"line":44,"column":18},"end":{"line":44,"column":37}},"49":{"start":{"line":45,"column":21},"end":{"line":48,"column":8}},"50":{"start":{"line":46,"column":27},"end":{"line":46,"column":137}},"51":{"start":{"line":47,"column":8},"end":{"line":47,"column":28}},"52":{"start":{"line":49,"column":6},"end":{"line":49,"column":22}},"53":{"start":{"line":54,"column":18},"end":{"line":54,"column":37}},"54":{"start":{"line":55,"column":21},"end":{"line":55,"column":41}},"55":{"start":{"line":56,"column":23},"end":{"line":58,"column":8}},"56":{"start":{"line":57,"column":8},"end":{"line":57,"column":43}},"57":{"start":{"line":60,"column":6},"end":{"line":66,"column":7}},"58":{"start":{"line":61,"column":8},"end":{"line":65,"column":10}},"59":{"start":{"line":68,"column":6},"end":{"line":68,"column":43}},"60":{"start":{"line":73,"column":18},"end":{"line":73,"column":28}},"61":{"start":{"line":74,"column":22},"end":{"line":74,"column":36}},"62":{"start":{"line":75,"column":21},"end":{"line":75,"column":34}},"63":{"start":{"line":76,"column":21},"end":{"line":76,"column":34}},"64":{"start":{"line":77,"column":17},"end":{"line":77,"column":26}},"65":{"start":{"line":78,"column":20},"end":{"line":78,"column":32}},"66":{"start":{"line":80,"column":19},"end":{"line":80,"column":53}},"67":{"start":{"line":82,"column":6},"end":{"line":89,"column":7}},"68":{"start":{"line":83,"column":8},"end":{"line":88,"column":10}},"69":{"start":{"line":91,"column":23},"end":{"line":91,"column":58}},"70":{"start":{"line":93,"column":6},"end":{"line":99,"column":7}},"71":{"start":{"line":94,"column":8},"end":{"line":98,"column":10}},"72":{"start":{"line":101,"column":18},"end":{"line":101,"column":37}},"73":{"start":{"line":102,"column":19},"end":{"line":102,"column":45}},"74":{"start":{"line":103,"column":15},"end":{"line":103,"column":25}},"75":{"start":{"line":104,"column":20},"end":{"line":104,"column":95}},"76":{"start":{"line":105,"column":6},"end":{"line":105,"column":90}},"77":{"start":{"line":107,"column":18},"end":{"line":107,"column":56}},"78":{"start":{"line":109,"column":6},"end":{"line":111,"column":18}},"79":{"start":{"line":116,"column":18},"end":{"line":116,"column":28}},"80":{"start":{"line":117,"column":21},"end":{"line":117,"column":34}},"81":{"start":{"line":118,"column":18},"end":{"line":118,"column":37}},"82":{"start":{"line":119,"column":23},"end":{"line":121,"column":8}},"83":{"start":{"line":120,"column":8},"end":{"line":120,"column":80}},"84":{"start":{"line":123,"column":6},"end":{"line":129,"column":7}},"85":{"start":{"line":124,"column":8},"end":{"line":128,"column":10}},"86":{"start":{"line":131,"column":18},"end":{"line":131,"column":59}},"87":{"start":{"line":133,"column":6},"end":{"line":135,"column":21}},"88":{"start":{"line":139,"column":2},"end":{"line":139,"column":21}},"89":{"start":{"line":142,"column":15},"end":{"line":142,"column":26}},"90":{"start":{"line":143,"column":0},"end":{"line":143,"column":27}}},"fnMap":{"0":{"name":"_interopRequireDefault","decl":{"start":{"line":14,"column":9},"end":{"line":14,"column":31}},"loc":{"start":{"line":14,"column":37},"end":{"line":14,"column":95}},"line":14},"1":{"name":"_toConsumableArray","decl":{"start":{"line":16,"column":9},"end":{"line":16,"column":27}},"loc":{"start":{"line":16,"column":33},"end":{"line":16,"column":117}},"line":16},"2":{"name":"_nonIterableSpread","decl":{"start":{"line":18,"column":9},"end":{"line":18,"column":27}},"loc":{"start":{"line":18,"column":30},"end":{"line":18,"column":105}},"line":18},"3":{"name":"_iterableToArray","decl":{"start":{"line":20,"column":9},"end":{"line":20,"column":25}},"loc":{"start":{"line":20,"column":32},"end":{"line":20,"column":162}},"line":20},"4":{"name":"_arrayWithoutHoles","decl":{"start":{"line":22,"column":9},"end":{"line":22,"column":27}},"loc":{"start":{"line":22,"column":33},"end":{"line":22,"column":166}},"line":22},"5":{"name":"_objectSpread","decl":{"start":{"line":24,"column":9},"end":{"line":24,"column":22}},"loc":{"start":{"line":24,"column":31},"end":{"line":24,"column":481}},"line":24},"6":{"name":"(anonymous_6)","decl":{"start":{"line":24,"column":295},"end":{"line":24,"column":296}},"loc":{"start":{"line":24,"column":310},"end":{"line":24,"column":377}},"line":24},"7":{"name":"(anonymous_7)","decl":{"start":{"line":24,"column":399},"end":{"line":24,"column":400}},"loc":{"start":{"line":24,"column":414},"end":{"line":24,"column":460}},"line":24},"8":{"name":"_defineProperty","decl":{"start":{"line":26,"column":9},"end":{"line":26,"column":24}},"loc":{"start":{"line":26,"column":42},"end":{"line":26,"column":209}},"line":26},"9":{"name":"_classCallCheck","decl":{"start":{"line":28,"column":9},"end":{"line":28,"column":24}},"loc":{"start":{"line":28,"column":48},"end":{"line":28,"column":153}},"line":28},"10":{"name":"_defineProperties","decl":{"start":{"line":30,"column":9},"end":{"line":30,"column":26}},"loc":{"start":{"line":30,"column":42},"end":{"line":30,"column":317}},"line":30},"11":{"name":"_createClass","decl":{"start":{"line":32,"column":9},"end":{"line":32,"column":21}},"loc":{"start":{"line":32,"column":60},"end":{"line":32,"column":215}},"line":32},"12":{"name":"(anonymous_12)","decl":{"start":{"line":36,"column":0},"end":{"line":36,"column":1}},"loc":{"start":{"line":36,"column":12},"end":{"line":140,"column":1}},"line":36},"13":{"name":"UserService","decl":{"start":{"line":37,"column":11},"end":{"line":37,"column":22}},"loc":{"start":{"line":37,"column":25},"end":{"line":39,"column":3}},"line":37},"14":{"name":"getUsers","decl":{"start":{"line":43,"column":20},"end":{"line":43,"column":28}},"loc":{"start":{"line":43,"column":31},"end":{"line":50,"column":5}},"line":43},"15":{"name":"(anonymous_15)","decl":{"start":{"line":45,"column":31},"end":{"line":45,"column":32}},"loc":{"start":{"line":45,"column":47},"end":{"line":48,"column":7}},"line":45},"16":{"name":"getUserById","decl":{"start":{"line":53,"column":20},"end":{"line":53,"column":31}},"loc":{"start":{"line":53,"column":36},"end":{"line":69,"column":5}},"line":53},"17":{"name":"(anonymous_17)","decl":{"start":{"line":56,"column":34},"end":{"line":56,"column":35}},"loc":{"start":{"line":56,"column":57},"end":{"line":58,"column":7}},"line":56},"18":{"name":"signup","decl":{"start":{"line":72,"column":20},"end":{"line":72,"column":26}},"loc":{"start":{"line":72,"column":33},"end":{"line":112,"column":5}},"line":72},"19":{"name":"login","decl":{"start":{"line":115,"column":20},"end":{"line":115,"column":25}},"loc":{"start":{"line":115,"column":32},"end":{"line":136,"column":5}},"line":115},"20":{"name":"(anonymous_20)","decl":{"start":{"line":119,"column":34},"end":{"line":119,"column":35}},"loc":{"start":{"line":119,"column":57},"end":{"line":121,"column":7}},"line":119}},"branchMap":{"0":{"loc":{"start":{"line":14,"column":46},"end":{"line":14,"column":92}},"type":"cond-expr","locations":[{"start":{"line":14,"column":70},"end":{"line":14,"column":73}},{"start":{"line":14,"column":76},"end":{"line":14,"column":92}}],"line":14},"1":{"loc":{"start":{"line":14,"column":46},"end":{"line":14,"column":67}},"type":"binary-expr","locations":[{"start":{"line":14,"column":46},"end":{"line":14,"column":49}},{"start":{"line":14,"column":53},"end":{"line":14,"column":67}}],"line":14},"2":{"loc":{"start":{"line":16,"column":42},"end":{"line":16,"column":114}},"type":"binary-expr","locations":[{"start":{"line":16,"column":42},"end":{"line":16,"column":65}},{"start":{"line":16,"column":69},"end":{"line":16,"column":90}},{"start":{"line":16,"column":94},"end":{"line":16,"column":114}}],"line":16},"3":{"loc":{"start":{"line":20,"column":34},"end":{"line":20,"column":160}},"type":"if","locations":[{"start":{"line":20,"column":34},"end":{"line":20,"column":160}},{"start":{"line":20,"column":34},"end":{"line":20,"column":160}}],"line":20},"4":{"loc":{"start":{"line":20,"column":38},"end":{"line":20,"column":134}},"type":"binary-expr","locations":[{"start":{"line":20,"column":38},"end":{"line":20,"column":69}},{"start":{"line":20,"column":73},"end":{"line":20,"column":134}}],"line":20},"5":{"loc":{"start":{"line":22,"column":35},"end":{"line":22,"column":164}},"type":"if","locations":[{"start":{"line":22,"column":35},"end":{"line":22,"column":164}},{"start":{"line":22,"column":35},"end":{"line":22,"column":164}}],"line":22},"6":{"loc":{"start":{"line":24,"column":91},"end":{"line":24,"column":131}},"type":"cond-expr","locations":[{"start":{"line":24,"column":114},"end":{"line":24,"column":126}},{"start":{"line":24,"column":129},"end":{"line":24,"column":131}}],"line":24},"7":{"loc":{"start":{"line":24,"column":168},"end":{"line":24,"column":382}},"type":"if","locations":[{"start":{"line":24,"column":168},"end":{"line":24,"column":382}},{"start":{"line":24,"column":168},"end":{"line":24,"column":382}}],"line":24},"8":{"loc":{"start":{"line":26,"column":44},"end":{"line":26,"column":195}},"type":"if","locations":[{"start":{"line":26,"column":44},"end":{"line":26,"column":195}},{"start":{"line":26,"column":44},"end":{"line":26,"column":195}}],"line":26},"9":{"loc":{"start":{"line":28,"column":50},"end":{"line":28,"column":151}},"type":"if","locations":[{"start":{"line":28,"column":50},"end":{"line":28,"column":151}},{"start":{"line":28,"column":50},"end":{"line":28,"column":151}}],"line":28},"10":{"loc":{"start":{"line":30,"column":136},"end":{"line":30,"column":166}},"type":"binary-expr","locations":[{"start":{"line":30,"column":136},"end":{"line":30,"column":157}},{"start":{"line":30,"column":161},"end":{"line":30,"column":166}}],"line":30},"11":{"loc":{"start":{"line":30,"column":200},"end":{"line":30,"column":254}},"type":"if","locations":[{"start":{"line":30,"column":200},"end":{"line":30,"column":254}},{"start":{"line":30,"column":200},"end":{"line":30,"column":254}}],"line":30},"12":{"loc":{"start":{"line":32,"column":62},"end":{"line":32,"column":131}},"type":"if","locations":[{"start":{"line":32,"column":62},"end":{"line":32,"column":131}},{"start":{"line":32,"column":62},"end":{"line":32,"column":131}}],"line":32},"13":{"loc":{"start":{"line":32,"column":132},"end":{"line":32,"column":193}},"type":"if","locations":[{"start":{"line":32,"column":132},"end":{"line":32,"column":193}},{"start":{"line":32,"column":132},"end":{"line":32,"column":193}}],"line":32},"14":{"loc":{"start":{"line":60,"column":6},"end":{"line":66,"column":7}},"type":"if","locations":[{"start":{"line":60,"column":6},"end":{"line":66,"column":7}},{"start":{"line":60,"column":6},"end":{"line":66,"column":7}}],"line":60},"15":{"loc":{"start":{"line":82,"column":6},"end":{"line":89,"column":7}},"type":"if","locations":[{"start":{"line":82,"column":6},"end":{"line":89,"column":7}},{"start":{"line":82,"column":6},"end":{"line":89,"column":7}}],"line":82},"16":{"loc":{"start":{"line":93,"column":6},"end":{"line":99,"column":7}},"type":"if","locations":[{"start":{"line":93,"column":6},"end":{"line":99,"column":7}},{"start":{"line":93,"column":6},"end":{"line":99,"column":7}}],"line":93},"17":{"loc":{"start":{"line":120,"column":15},"end":{"line":120,"column":79}},"type":"binary-expr","locations":[{"start":{"line":120,"column":15},"end":{"line":120,"column":42}},{"start":{"line":120,"column":46},"end":{"line":120,"column":79}}],"line":120},"18":{"loc":{"start":{"line":123,"column":6},"end":{"line":129,"column":7}},"type":"if","locations":[{"start":{"line":123,"column":6},"end":{"line":129,"column":7}},{"start":{"line":123,"column":6},"end":{"line":129,"column":7}}],"line":123}},"s":{"0":1,"1":1,"2":1,"3":1,"4":1,"5":3,"6":1,"7":0,"8":0,"9":0,"10":1,"11":1,"12":1,"13":1,"14":3,"15":1,"16":3,"17":3,"18":3,"19":3,"20":3,"21":3,"22":0,"23":3,"24":21,"25":3,"26":21,"27":0,"28":21,"29":21,"30":0,"31":0,"32":1,"33":1,"34":4,"35":4,"36":4,"37":4,"38":4,"39":4,"40":1,"41":0,"42":1,"43":1,"44":1,"45":1,"46":0,"47":1,"48":0,"49":0,"50":0,"51":0,"52":0,"53":1,"54":1,"55":1,"56":1,"57":1,"58":0,"59":1,"60":3,"61":3,"62":3,"63":3,"64":3,"65":3,"66":3,"67":3,"68":1,"69":2,"70":2,"71":1,"72":1,"73":1,"74":1,"75":1,"76":1,"77":1,"78":1,"79":2,"80":2,"81":2,"82":2,"83":8,"84":2,"85":1,"86":1,"87":1,"88":1,"89":1,"90":1},"f":{"0":3,"1":1,"2":0,"3":0,"4":1,"5":3,"6":0,"7":21,"8":21,"9":0,"10":1,"11":1,"12":1,"13":0,"14":0,"15":0,"16":1,"17":1,"18":3,"19":2,"20":8},"b":{"0":[3,0],"1":[3,3],"2":[1,0,0],"3":[0,0],"4":[0,0],"5":[1,0],"6":[3,0],"7":[3,0],"8":[0,21],"9":[0,0],"10":[4,4],"11":[4,0],"12":[0,1],"13":[1,0],"14":[0,1],"15":[1,2],"16":[1,1],"17":[8,1],"18":[1,1]},"_coverageSchema":"43e27e138ebf9cfc5966b082cf9a028302ed4184","hash":"c6809ad408d311c6e804eb0cc20aa255eb18f987","contentHash":"edc8032a83ca315c51d8a5aeb6ed127c7da5f1275453ad670fed2825b14f29b2"},"/Users/lateef/Documents/personal/banka/Api/src/services/helper.js":{"path":"/Users/lateef/Documents/personal/banka/Api/src/services/helper.js","statementMap":{"0":{"start":{"line":3,"column":0},"end":{"line":5,"column":3}},"1":{"start":{"line":6,"column":0},"end":{"line":6,"column":25}},"2":{"start":{"line":8,"column":20},"end":{"line":8,"column":67}},"3":{"start":{"line":10,"column":39},"end":{"line":10,"column":93}},"4":{"start":{"line":12,"column":35},"end":{"line":12,"column":115}},"5":{"start":{"line":14,"column":32},"end":{"line":14,"column":103}},"6":{"start":{"line":16,"column":34},"end":{"line":16,"column":160}},"7":{"start":{"line":16,"column":136},"end":{"line":16,"column":160}},"8":{"start":{"line":18,"column":35},"end":{"line":18,"column":164}},"9":{"start":{"line":18,"column":61},"end":{"line":18,"column":149}},"10":{"start":{"line":18,"column":74},"end":{"line":18,"column":75}},"11":{"start":{"line":18,"column":84},"end":{"line":18,"column":105}},"12":{"start":{"line":18,"column":130},"end":{"line":18,"column":147}},"13":{"start":{"line":18,"column":150},"end":{"line":18,"column":162}},"14":{"start":{"line":20,"column":0},"end":{"line":20,"column":27}},"15":{"start":{"line":22,"column":13},"end":{"line":70,"column":1}},"16":{"start":{"line":24,"column":4},"end":{"line":24,"column":38}},"17":{"start":{"line":27,"column":16},"end":{"line":27,"column":26}},"18":{"start":{"line":28,"column":20},"end":{"line":28,"column":34}},"19":{"start":{"line":29,"column":19},"end":{"line":29,"column":32}},"20":{"start":{"line":30,"column":19},"end":{"line":30,"column":32}},"21":{"start":{"line":31,"column":15},"end":{"line":31,"column":24}},"22":{"start":{"line":32,"column":18},"end":{"line":32,"column":30}},"23":{"start":{"line":33,"column":17},"end":{"line":33,"column":19}},"24":{"start":{"line":35,"column":4},"end":{"line":37,"column":5}},"25":{"start":{"line":36,"column":6},"end":{"line":36,"column":76}},"26":{"start":{"line":39,"column":4},"end":{"line":41,"column":5}},"27":{"start":{"line":40,"column":6},"end":{"line":40,"column":81}},"28":{"start":{"line":43,"column":4},"end":{"line":45,"column":5}},"29":{"start":{"line":44,"column":6},"end":{"line":44,"column":80}},"30":{"start":{"line":47,"column":4},"end":{"line":49,"column":5}},"31":{"start":{"line":48,"column":6},"end":{"line":48,"column":79}},"32":{"start":{"line":51,"column":4},"end":{"line":53,"column":5}},"33":{"start":{"line":52,"column":6},"end":{"line":52,"column":75}},"34":{"start":{"line":55,"column":4},"end":{"line":57,"column":5}},"35":{"start":{"line":56,"column":6},"end":{"line":56,"column":83}},"36":{"start":{"line":59,"column":4},"end":{"line":59,"column":18}},"37":{"start":{"line":62,"column":16},"end":{"line":66,"column":6}},"38":{"start":{"line":68,"column":4},"end":{"line":68,"column":17}},"39":{"start":{"line":71,"column":15},"end":{"line":71,"column":21}},"40":{"start":{"line":72,"column":0},"end":{"line":72,"column":27}}},"fnMap":{"0":{"name":"_interopRequireDefault","decl":{"start":{"line":10,"column":9},"end":{"line":10,"column":31}},"loc":{"start":{"line":10,"column":37},"end":{"line":10,"column":95}},"line":10},"1":{"name":"_toConsumableArray","decl":{"start":{"line":12,"column":9},"end":{"line":12,"column":27}},"loc":{"start":{"line":12,"column":33},"end":{"line":12,"column":117}},"line":12},"2":{"name":"_nonIterableSpread","decl":{"start":{"line":14,"column":9},"end":{"line":14,"column":27}},"loc":{"start":{"line":14,"column":30},"end":{"line":14,"column":105}},"line":14},"3":{"name":"_iterableToArray","decl":{"start":{"line":16,"column":9},"end":{"line":16,"column":25}},"loc":{"start":{"line":16,"column":32},"end":{"line":16,"column":162}},"line":16},"4":{"name":"_arrayWithoutHoles","decl":{"start":{"line":18,"column":9},"end":{"line":18,"column":27}},"loc":{"start":{"line":18,"column":33},"end":{"line":18,"column":166}},"line":18},"5":{"name":"isEmailValid","decl":{"start":{"line":23,"column":25},"end":{"line":23,"column":37}},"loc":{"start":{"line":23,"column":45},"end":{"line":25,"column":3}},"line":23},"6":{"name":"validateUser","decl":{"start":{"line":26,"column":25},"end":{"line":26,"column":37}},"loc":{"start":{"line":26,"column":44},"end":{"line":60,"column":3}},"line":26},"7":{"name":"generateToken","decl":{"start":{"line":61,"column":26},"end":{"line":61,"column":39}},"loc":{"start":{"line":61,"column":46},"end":{"line":69,"column":3}},"line":61}},"branchMap":{"0":{"loc":{"start":{"line":10,"column":46},"end":{"line":10,"column":92}},"type":"cond-expr","locations":[{"start":{"line":10,"column":70},"end":{"line":10,"column":73}},{"start":{"line":10,"column":76},"end":{"line":10,"column":92}}],"line":10},"1":{"loc":{"start":{"line":10,"column":46},"end":{"line":10,"column":67}},"type":"binary-expr","locations":[{"start":{"line":10,"column":46},"end":{"line":10,"column":49}},{"start":{"line":10,"column":53},"end":{"line":10,"column":67}}],"line":10},"2":{"loc":{"start":{"line":12,"column":42},"end":{"line":12,"column":114}},"type":"binary-expr","locations":[{"start":{"line":12,"column":42},"end":{"line":12,"column":65}},{"start":{"line":12,"column":69},"end":{"line":12,"column":90}},{"start":{"line":12,"column":94},"end":{"line":12,"column":114}}],"line":12},"3":{"loc":{"start":{"line":16,"column":34},"end":{"line":16,"column":160}},"type":"if","locations":[{"start":{"line":16,"column":34},"end":{"line":16,"column":160}},{"start":{"line":16,"column":34},"end":{"line":16,"column":160}}],"line":16},"4":{"loc":{"start":{"line":16,"column":38},"end":{"line":16,"column":134}},"type":"binary-expr","locations":[{"start":{"line":16,"column":38},"end":{"line":16,"column":69}},{"start":{"line":16,"column":73},"end":{"line":16,"column":134}}],"line":16},"5":{"loc":{"start":{"line":18,"column":35},"end":{"line":18,"column":164}},"type":"if","locations":[{"start":{"line":18,"column":35},"end":{"line":18,"column":164}},{"start":{"line":18,"column":35},"end":{"line":18,"column":164}}],"line":18},"6":{"loc":{"start":{"line":35,"column":4},"end":{"line":37,"column":5}},"type":"if","locations":[{"start":{"line":35,"column":4},"end":{"line":37,"column":5}},{"start":{"line":35,"column":4},"end":{"line":37,"column":5}}],"line":35},"7":{"loc":{"start":{"line":39,"column":4},"end":{"line":41,"column":5}},"type":"if","locations":[{"start":{"line":39,"column":4},"end":{"line":41,"column":5}},{"start":{"line":39,"column":4},"end":{"line":41,"column":5}}],"line":39},"8":{"loc":{"start":{"line":43,"column":4},"end":{"line":45,"column":5}},"type":"if","locations":[{"start":{"line":43,"column":4},"end":{"line":45,"column":5}},{"start":{"line":43,"column":4},"end":{"line":45,"column":5}}],"line":43},"9":{"loc":{"start":{"line":47,"column":4},"end":{"line":49,"column":5}},"type":"if","locations":[{"start":{"line":47,"column":4},"end":{"line":49,"column":5}},{"start":{"line":47,"column":4},"end":{"line":49,"column":5}}],"line":47},"10":{"loc":{"start":{"line":51,"column":4},"end":{"line":53,"column":5}},"type":"if","locations":[{"start":{"line":51,"column":4},"end":{"line":53,"column":5}},{"start":{"line":51,"column":4},"end":{"line":53,"column":5}}],"line":51},"11":{"loc":{"start":{"line":55,"column":4},"end":{"line":57,"column":5}},"type":"if","locations":[{"start":{"line":55,"column":4},"end":{"line":57,"column":5}},{"start":{"line":55,"column":4},"end":{"line":57,"column":5}}],"line":55}},"s":{"0":1,"1":1,"2":1,"3":1,"4":6,"5":0,"6":0,"7":0,"8":6,"9":6,"10":6,"11":6,"12":15,"13":6,"14":1,"15":1,"16":2,"17":3,"18":3,"19":3,"20":3,"21":3,"22":3,"23":3,"24":3,"25":1,"26":3,"27":1,"28":3,"29":1,"30":3,"31":1,"32":3,"33":1,"34":3,"35":1,"36":3,"37":2,"38":2,"39":1,"40":1},"f":{"0":1,"1":6,"2":0,"3":0,"4":6,"5":2,"6":3,"7":2},"b":{"0":[0,1],"1":[1,1],"2":[6,0,0],"3":[0,0],"4":[0,0],"5":[6,0],"6":[1,2],"7":[1,2],"8":[1,2],"9":[1,2],"10":[1,2],"11":[1,2]},"_coverageSchema":"43e27e138ebf9cfc5966b082cf9a028302ed4184","hash":"ec011ddb037b418588abf94f6ca3dd2bf3804869","contentHash":"62650eec711ae64c0f19f01a32efec3e64b95e2a6e6f424c85a782631f8b7462"},"/Users/lateef/Documents/personal/banka/Api/src/data/user.data.js":{"path":"/Users/lateef/Documents/personal/banka/Api/src/data/user.data.js","statementMap":{"0":{"start":{"line":3,"column":0},"end":{"line":5,"column":3}},"1":{"start":{"line":6,"column":0},"end":{"line":6,"column":25}},"2":{"start":{"line":7,"column":15},"end":{"line":33,"column":1}},"3":{"start":{"line":34,"column":0},"end":{"line":34,"column":27}}},"fnMap":{},"branchMap":{},"s":{"0":1,"1":1,"2":1,"3":1},"f":{},"b":{},"_coverageSchema":"43e27e138ebf9cfc5966b082cf9a028302ed4184","hash":"d88e6af1e93ffecb82b42908751898f740c830c0","contentHash":"edbd680f722b4e05d935cec5ca9726c1d95ab20b9df2d0afc55db536d2409f33"},"/Users/lateef/Documents/personal/banka/Api/src/models/user.model.js":{"path":"/Users/lateef/Documents/personal/banka/Api/src/models/user.model.js","statementMap":{"0":{"start":{"line":3,"column":0},"end":{"line":5,"column":3}},"1":{"start":{"line":6,"column":0},"end":{"line":6,"column":25}},"2":{"start":{"line":8,"column":50},"end":{"line":8,"column":151}},"3":{"start":{"line":8,"column":92},"end":{"line":8,"column":149}},"4":{"start":{"line":10,"column":11},"end":{"line":20,"column":1}},"5":{"start":{"line":11,"column":2},"end":{"line":11,"column":30}},"6":{"start":{"line":13,"column":2},"end":{"line":13,"column":15}},"7":{"start":{"line":14,"column":2},"end":{"line":14,"column":21}},"8":{"start":{"line":15,"column":2},"end":{"line":15,"column":29}},"9":{"start":{"line":16,"column":2},"end":{"line":16,"column":27}},"10":{"start":{"line":17,"column":2},"end":{"line":17,"column":27}},"11":{"start":{"line":18,"column":2},"end":{"line":18,"column":19}},"12":{"start":{"line":19,"column":2},"end":{"line":19,"column":25}},"13":{"start":{"line":22,"column":0},"end":{"line":22,"column":23}}},"fnMap":{"0":{"name":"_classCallCheck","decl":{"start":{"line":8,"column":9},"end":{"line":8,"column":24}},"loc":{"start":{"line":8,"column":48},"end":{"line":8,"column":153}},"line":8},"1":{"name":"user","decl":{"start":{"line":10,"column":20},"end":{"line":10,"column":24}},"loc":{"start":{"line":10,"column":82},"end":{"line":20,"column":1}},"line":10}},"branchMap":{"0":{"loc":{"start":{"line":8,"column":50},"end":{"line":8,"column":151}},"type":"if","locations":[{"start":{"line":8,"column":50},"end":{"line":8,"column":151}},{"start":{"line":8,"column":50},"end":{"line":8,"column":151}}],"line":8}},"s":{"0":1,"1":1,"2":1,"3":0,"4":1,"5":1,"6":1,"7":1,"8":1,"9":1,"10":1,"11":1,"12":1,"13":1},"f":{"0":1,"1":1},"b":{"0":[0,1]},"_coverageSchema":"43e27e138ebf9cfc5966b082cf9a028302ed4184","hash":"6b6cc295fb48ba78b24ed9c22f38846cd41cffaa","contentHash":"46e2bcc4086f10d36ae0a43ed03e8c7e6f3fb8eaba3b5cc28367f457c5a8d2da"},"/Users/lateef/Documents/personal/banka/Api/src/routes/accounts.route.js":{"path":"/Users/lateef/Documents/personal/banka/Api/src/routes/accounts.route.js","statementMap":{"0":{"start":{"line":3,"column":0},"end":{"line":5,"column":3}},"1":{"start":{"line":6,"column":0},"end":{"line":6,"column":25}},"2":{"start":{"line":8,"column":15},"end":{"line":8,"column":33}},"3":{"start":{"line":10,"column":15},"end":{"line":10,"column":83}},"4":{"start":{"line":12,"column":39},"end":{"line":12,"column":93}},"5":{"start":{"line":14,"column":13},"end":{"line":14,"column":35}},"6":{"start":{"line":15,"column":0},"end":{"line":15,"column":47}},"7":{"start":{"line":16,"column":0},"end":{"line":16,"column":59}},"8":{"start":{"line":17,"column":0},"end":{"line":17,"column":70}},"9":{"start":{"line":18,"column":0},"end":{"line":18,"column":65}},"10":{"start":{"line":19,"column":0},"end":{"line":19,"column":49}},"11":{"start":{"line":20,"column":15},"end":{"line":20,"column":21}},"12":{"start":{"line":21,"column":0},"end":{"line":21,"column":27}}},"fnMap":{"0":{"name":"_interopRequireDefault","decl":{"start":{"line":12,"column":9},"end":{"line":12,"column":31}},"loc":{"start":{"line":12,"column":37},"end":{"line":12,"column":95}},"line":12}},"branchMap":{"0":{"loc":{"start":{"line":12,"column":46},"end":{"line":12,"column":92}},"type":"cond-expr","locations":[{"start":{"line":12,"column":70},"end":{"line":12,"column":73}},{"start":{"line":12,"column":76},"end":{"line":12,"column":92}}],"line":12},"1":{"loc":{"start":{"line":12,"column":46},"end":{"line":12,"column":67}},"type":"binary-expr","locations":[{"start":{"line":12,"column":46},"end":{"line":12,"column":49}},{"start":{"line":12,"column":53},"end":{"line":12,"column":67}}],"line":12}},"s":{"0":1,"1":1,"2":1,"3":1,"4":1,"5":1,"6":1,"7":1,"8":1,"9":1,"10":1,"11":1,"12":1},"f":{"0":1},"b":{"0":[1,0],"1":[1,1]},"_coverageSchema":"43e27e138ebf9cfc5966b082cf9a028302ed4184","hash":"2a6b916eec983b32b050232502365b7fa1c114a0","contentHash":"734fd8d07f663eaefc52abff07fc4267424530a959c660cc2577e5a0c1a4c70e"},"/Users/lateef/Documents/personal/banka/Api/src/controllers/account.controller.js":{"path":"/Users/lateef/Documents/personal/banka/Api/src/controllers/account.controller.js","statementMap":{"0":{"start":{"line":3,"column":0},"end":{"line":5,"column":3}},"1":{"start":{"line":6,"column":0},"end":{"line":6,"column":25}},"2":{"start":{"line":8,"column":15},"end":{"line":8,"column":77}},"3":{"start":{"line":10,"column":39},"end":{"line":10,"column":93}},"4":{"start":{"line":12,"column":50},"end":{"line":12,"column":151}},"5":{"start":{"line":12,"column":92},"end":{"line":12,"column":149}},"6":{"start":{"line":14,"column":44},"end":{"line":14,"column":315}},"7":{"start":{"line":14,"column":57},"end":{"line":14,"column":58}},"8":{"start":{"line":14,"column":102},"end":{"line":14,"column":110}},"9":{"start":{"line":14,"column":112},"end":{"line":14,"column":167}},"10":{"start":{"line":14,"column":168},"end":{"line":14,"column":199}},"11":{"start":{"line":14,"column":200},"end":{"line":14,"column":254}},"12":{"start":{"line":14,"column":227},"end":{"line":14,"column":254}},"13":{"start":{"line":14,"column":255},"end":{"line":14,"column":313}},"14":{"start":{"line":16,"column":62},"end":{"line":16,"column":131}},"15":{"start":{"line":16,"column":78},"end":{"line":16,"column":131}},"16":{"start":{"line":16,"column":132},"end":{"line":16,"column":193}},"17":{"start":{"line":16,"column":149},"end":{"line":16,"column":193}},"18":{"start":{"line":16,"column":194},"end":{"line":16,"column":213}},"19":{"start":{"line":20,"column":0},"end":{"line":121,"column":3}},"20":{"start":{"line":22,"column":4},"end":{"line":22,"column":45}},"21":{"start":{"line":25,"column":2},"end":{"line":118,"column":6}},"22":{"start":{"line":28,"column":27},"end":{"line":28,"column":35}},"23":{"start":{"line":30,"column":23},"end":{"line":30,"column":69}},"24":{"start":{"line":32,"column":6},"end":{"line":37,"column":7}},"25":{"start":{"line":33,"column":8},"end":{"line":36,"column":11}},"26":{"start":{"line":39,"column":6},"end":{"line":42,"column":9}},"27":{"start":{"line":47,"column":21},"end":{"line":47,"column":52}},"28":{"start":{"line":49,"column":6},"end":{"line":52,"column":9}},"29":{"start":{"line":57,"column":26},"end":{"line":57,"column":50}},"30":{"start":{"line":59,"column":20},"end":{"line":59,"column":68}},"31":{"start":{"line":61,"column":6},"end":{"line":68,"column":7}},"32":{"start":{"line":62,"column":24},"end":{"line":62,"column":41}},"33":{"start":{"line":63,"column":22},"end":{"line":63,"column":37}},"34":{"start":{"line":64,"column":8},"end":{"line":67,"column":11}},"35":{"start":{"line":70,"column":6},"end":{"line":73,"column":9}},"36":{"start":{"line":78,"column":26},"end":{"line":78,"column":50}},"37":{"start":{"line":79,"column":19},"end":{"line":79,"column":34}},"38":{"start":{"line":81,"column":27},"end":{"line":81,"column":86}},"39":{"start":{"line":83,"column":6},"end":{"line":90,"column":7}},"40":{"start":{"line":84,"column":24},"end":{"line":84,"column":48}},"41":{"start":{"line":85,"column":22},"end":{"line":85,"column":44}},"42":{"start":{"line":86,"column":8},"end":{"line":89,"column":11}},"43":{"start":{"line":92,"column":6},"end":{"line":95,"column":9}},"44":{"start":{"line":100,"column":26},"end":{"line":100,"column":50}},"45":{"start":{"line":102,"column":21},"end":{"line":102,"column":66}},"46":{"start":{"line":104,"column":6},"end":{"line":111,"column":7}},"47":{"start":{"line":105,"column":24},"end":{"line":105,"column":42}},"48":{"start":{"line":106,"column":22},"end":{"line":106,"column":38}},"49":{"start":{"line":107,"column":8},"end":{"line":110,"column":11}},"50":{"start":{"line":113,"column":6},"end":{"line":116,"column":9}},"51":{"start":{"line":120,"column":2},"end":{"line":120,"column":27}},"52":{"start":{"line":123,"column":15},"end":{"line":123,"column":32}},"53":{"start":{"line":124,"column":0},"end":{"line":124,"column":27}}},"fnMap":{"0":{"name":"_interopRequireDefault","decl":{"start":{"line":10,"column":9},"end":{"line":10,"column":31}},"loc":{"start":{"line":10,"column":37},"end":{"line":10,"column":95}},"line":10},"1":{"name":"_classCallCheck","decl":{"start":{"line":12,"column":9},"end":{"line":12,"column":24}},"loc":{"start":{"line":12,"column":48},"end":{"line":12,"column":153}},"line":12},"2":{"name":"_defineProperties","decl":{"start":{"line":14,"column":9},"end":{"line":14,"column":26}},"loc":{"start":{"line":14,"column":42},"end":{"line":14,"column":317}},"line":14},"3":{"name":"_createClass","decl":{"start":{"line":16,"column":9},"end":{"line":16,"column":21}},"loc":{"start":{"line":16,"column":60},"end":{"line":16,"column":215}},"line":16},"4":{"name":"(anonymous_4)","decl":{"start":{"line":20,"column":0},"end":{"line":20,"column":1}},"loc":{"start":{"line":20,"column":12},"end":{"line":121,"column":1}},"line":20},"5":{"name":"AccountController","decl":{"start":{"line":21,"column":11},"end":{"line":21,"column":28}},"loc":{"start":{"line":21,"column":31},"end":{"line":23,"column":3}},"line":21},"6":{"name":"createAccount","decl":{"start":{"line":27,"column":20},"end":{"line":27,"column":33}},"loc":{"start":{"line":27,"column":44},"end":{"line":43,"column":5}},"line":27},"7":{"name":"listAccounts","decl":{"start":{"line":46,"column":20},"end":{"line":46,"column":32}},"loc":{"start":{"line":46,"column":43},"end":{"line":53,"column":5}},"line":46},"8":{"name":"getAccount","decl":{"start":{"line":56,"column":20},"end":{"line":56,"column":30}},"loc":{"start":{"line":56,"column":41},"end":{"line":74,"column":5}},"line":56},"9":{"name":"updateAccountStatus","decl":{"start":{"line":77,"column":20},"end":{"line":77,"column":39}},"loc":{"start":{"line":77,"column":50},"end":{"line":96,"column":5}},"line":77},"10":{"name":"deleteAccount","decl":{"start":{"line":99,"column":20},"end":{"line":99,"column":33}},"loc":{"start":{"line":99,"column":44},"end":{"line":117,"column":5}},"line":99}},"branchMap":{"0":{"loc":{"start":{"line":10,"column":46},"end":{"line":10,"column":92}},"type":"cond-expr","locations":[{"start":{"line":10,"column":70},"end":{"line":10,"column":73}},{"start":{"line":10,"column":76},"end":{"line":10,"column":92}}],"line":10},"1":{"loc":{"start":{"line":10,"column":46},"end":{"line":10,"column":67}},"type":"binary-expr","locations":[{"start":{"line":10,"column":46},"end":{"line":10,"column":49}},{"start":{"line":10,"column":53},"end":{"line":10,"column":67}}],"line":10},"2":{"loc":{"start":{"line":12,"column":50},"end":{"line":12,"column":151}},"type":"if","locations":[{"start":{"line":12,"column":50},"end":{"line":12,"column":151}},{"start":{"line":12,"column":50},"end":{"line":12,"column":151}}],"line":12},"3":{"loc":{"start":{"line":14,"column":136},"end":{"line":14,"column":166}},"type":"binary-expr","locations":[{"start":{"line":14,"column":136},"end":{"line":14,"column":157}},{"start":{"line":14,"column":161},"end":{"line":14,"column":166}}],"line":14},"4":{"loc":{"start":{"line":14,"column":200},"end":{"line":14,"column":254}},"type":"if","locations":[{"start":{"line":14,"column":200},"end":{"line":14,"column":254}},{"start":{"line":14,"column":200},"end":{"line":14,"column":254}}],"line":14},"5":{"loc":{"start":{"line":16,"column":62},"end":{"line":16,"column":131}},"type":"if","locations":[{"start":{"line":16,"column":62},"end":{"line":16,"column":131}},{"start":{"line":16,"column":62},"end":{"line":16,"column":131}}],"line":16},"6":{"loc":{"start":{"line":16,"column":132},"end":{"line":16,"column":193}},"type":"if","locations":[{"start":{"line":16,"column":132},"end":{"line":16,"column":193}},{"start":{"line":16,"column":132},"end":{"line":16,"column":193}}],"line":16},"7":{"loc":{"start":{"line":32,"column":6},"end":{"line":37,"column":7}},"type":"if","locations":[{"start":{"line":32,"column":6},"end":{"line":37,"column":7}},{"start":{"line":32,"column":6},"end":{"line":37,"column":7}}],"line":32},"8":{"loc":{"start":{"line":61,"column":6},"end":{"line":68,"column":7}},"type":"if","locations":[{"start":{"line":61,"column":6},"end":{"line":68,"column":7}},{"start":{"line":61,"column":6},"end":{"line":68,"column":7}}],"line":61},"9":{"loc":{"start":{"line":83,"column":6},"end":{"line":90,"column":7}},"type":"if","locations":[{"start":{"line":83,"column":6},"end":{"line":90,"column":7}},{"start":{"line":83,"column":6},"end":{"line":90,"column":7}}],"line":83},"10":{"loc":{"start":{"line":104,"column":6},"end":{"line":111,"column":7}},"type":"if","locations":[{"start":{"line":104,"column":6},"end":{"line":111,"column":7}},{"start":{"line":104,"column":6},"end":{"line":111,"column":7}}],"line":104}},"s":{"0":1,"1":1,"2":1,"3":1,"4":0,"5":0,"6":1,"7":1,"8":5,"9":5,"10":5,"11":5,"12":5,"13":5,"14":1,"15":0,"16":1,"17":1,"18":1,"19":1,"20":0,"21":1,"22":1,"23":1,"24":1,"25":0,"26":1,"27":1,"28":1,"29":2,"30":2,"31":2,"32":1,"33":1,"34":1,"35":1,"36":2,"37":2,"38":2,"39":2,"40":1,"41":1,"42":1,"43":1,"44":1,"45":1,"46":1,"47":0,"48":0,"49":0,"50":1,"51":1,"52":1,"53":1},"f":{"0":1,"1":0,"2":1,"3":1,"4":1,"5":0,"6":1,"7":1,"8":2,"9":2,"10":1},"b":{"0":[1,0],"1":[1,1],"2":[0,0],"3":[5,5],"4":[5,0],"5":[0,1],"6":[1,0],"7":[0,1],"8":[1,1],"9":[1,1],"10":[0,1]},"_coverageSchema":"43e27e138ebf9cfc5966b082cf9a028302ed4184","hash":"31156fbc4c6fb5c2bbf504474f69050c9ba66af4","contentHash":"17938d7aa567b449836417685d31eb091783c64b213ae61a915ea2cfbb5f7200"},"/Users/lateef/Documents/personal/banka/Api/src/services/account.service.js":{"path":"/Users/lateef/Documents/personal/banka/Api/src/services/account.service.js","statementMap":{"0":{"start":{"line":3,"column":0},"end":{"line":5,"column":3}},"1":{"start":{"line":6,"column":0},"end":{"line":6,"column":25}},"2":{"start":{"line":8,"column":14},"end":{"line":8,"column":55}},"3":{"start":{"line":10,"column":16},"end":{"line":10,"column":72}},"4":{"start":{"line":12,"column":15},"end":{"line":12,"column":73}},"5":{"start":{"line":14,"column":12},"end":{"line":14,"column":61}},"6":{"start":{"line":16,"column":39},"end":{"line":16,"column":93}},"7":{"start":{"line":18,"column":33},"end":{"line":18,"column":464}},"8":{"start":{"line":18,"column":46},"end":{"line":18,"column":47}},"9":{"start":{"line":18,"column":91},"end":{"line":18,"column":131}},"10":{"start":{"line":18,"column":147},"end":{"line":18,"column":166}},"11":{"start":{"line":18,"column":168},"end":{"line":18,"column":382}},"12":{"start":{"line":18,"column":226},"end":{"line":18,"column":380}},"13":{"start":{"line":18,"column":312},"end":{"line":18,"column":375}},"14":{"start":{"line":18,"column":383},"end":{"line":18,"column":462}},"15":{"start":{"line":18,"column":416},"end":{"line":18,"column":458}},"16":{"start":{"line":18,"column":465},"end":{"line":18,"column":479}},"17":{"start":{"line":20,"column":44},"end":{"line":20,"column":195}},"18":{"start":{"line":20,"column":62},"end":{"line":20,"column":166}},"19":{"start":{"line":20,"column":176},"end":{"line":20,"column":193}},"20":{"start":{"line":20,"column":196},"end":{"line":20,"column":207}},"21":{"start":{"line":22,"column":35},"end":{"line":22,"column":115}},"22":{"start":{"line":24,"column":32},"end":{"line":24,"column":103}},"23":{"start":{"line":26,"column":34},"end":{"line":26,"column":160}},"24":{"start":{"line":26,"column":136},"end":{"line":26,"column":160}},"25":{"start":{"line":28,"column":35},"end":{"line":28,"column":164}},"26":{"start":{"line":28,"column":61},"end":{"line":28,"column":149}},"27":{"start":{"line":28,"column":74},"end":{"line":28,"column":75}},"28":{"start":{"line":28,"column":84},"end":{"line":28,"column":105}},"29":{"start":{"line":28,"column":130},"end":{"line":28,"column":147}},"30":{"start":{"line":28,"column":150},"end":{"line":28,"column":162}},"31":{"start":{"line":30,"column":50},"end":{"line":30,"column":151}},"32":{"start":{"line":30,"column":92},"end":{"line":30,"column":149}},"33":{"start":{"line":32,"column":44},"end":{"line":32,"column":315}},"34":{"start":{"line":32,"column":57},"end":{"line":32,"column":58}},"35":{"start":{"line":32,"column":102},"end":{"line":32,"column":110}},"36":{"start":{"line":32,"column":112},"end":{"line":32,"column":167}},"37":{"start":{"line":32,"column":168},"end":{"line":32,"column":199}},"38":{"start":{"line":32,"column":200},"end":{"line":32,"column":254}},"39":{"start":{"line":32,"column":227},"end":{"line":32,"column":254}},"40":{"start":{"line":32,"column":255},"end":{"line":32,"column":313}},"41":{"start":{"line":34,"column":62},"end":{"line":34,"column":131}},"42":{"start":{"line":34,"column":78},"end":{"line":34,"column":131}},"43":{"start":{"line":34,"column":132},"end":{"line":34,"column":193}},"44":{"start":{"line":34,"column":149},"end":{"line":34,"column":193}},"45":{"start":{"line":34,"column":194},"end":{"line":34,"column":213}},"46":{"start":{"line":38,"column":0},"end":{"line":185,"column":3}},"47":{"start":{"line":40,"column":4},"end":{"line":40,"column":42}},"48":{"start":{"line":43,"column":2},"end":{"line":182,"column":6}},"49":{"start":{"line":46,"column":26},"end":{"line":46,"column":36}},"50":{"start":{"line":47,"column":21},"end":{"line":47,"column":47}},"51":{"start":{"line":48,"column":27},"end":{"line":48,"column":42}},"52":{"start":{"line":50,"column":6},"end":{"line":52,"column":7}},"53":{"start":{"line":51,"column":8},"end":{"line":51,"column":29}},"54":{"start":{"line":54,"column":19},"end":{"line":54,"column":50}},"55":{"start":{"line":55,"column":18},"end":{"line":55,"column":28}},"56":{"start":{"line":56,"column":26},"end":{"line":56,"column":47}},"57":{"start":{"line":57,"column":6},"end":{"line":60,"column":8}},"58":{"start":{"line":65,"column":18},"end":{"line":65,"column":31}},"59":{"start":{"line":66,"column":17},"end":{"line":66,"column":29}},"60":{"start":{"line":67,"column":20},"end":{"line":67,"column":35}},"61":{"start":{"line":68,"column":19},"end":{"line":68,"column":27}},"62":{"start":{"line":69,"column":26},"end":{"line":69,"column":49}},"63":{"start":{"line":70,"column":22},"end":{"line":70,"column":65}},"64":{"start":{"line":71,"column":27},"end":{"line":71,"column":46}},"65":{"start":{"line":73,"column":34},"end":{"line":73,"column":60}},"66":{"start":{"line":74,"column":18},"end":{"line":74,"column":45}},"67":{"start":{"line":75,"column":26},"end":{"line":75,"column":61}},"68":{"start":{"line":77,"column":15},"end":{"line":77,"column":20}},"69":{"start":{"line":79,"column":34},"end":{"line":79,"column":74}},"70":{"start":{"line":80,"column":22},"end":{"line":80,"column":53}},"71":{"start":{"line":81,"column":21},"end":{"line":81,"column":51}},"72":{"start":{"line":82,"column":18},"end":{"line":82,"column":45}},"73":{"start":{"line":84,"column":23},"end":{"line":84,"column":103}},"74":{"start":{"line":85,"column":6},"end":{"line":85,"column":107}},"75":{"start":{"line":86,"column":21},"end":{"line":93,"column":7}},"76":{"start":{"line":94,"column":6},"end":{"line":94,"column":22}},"77":{"start":{"line":99,"column":21},"end":{"line":99,"column":47}},"78":{"start":{"line":100,"column":6},"end":{"line":103,"column":9}},"79":{"start":{"line":101,"column":26},"end":{"line":101,"column":162}},"80":{"start":{"line":102,"column":8},"end":{"line":102,"column":27}},"81":{"start":{"line":108,"column":21},"end":{"line":108,"column":47}},"82":{"start":{"line":109,"column":25},"end":{"line":109,"column":56}},"83":{"start":{"line":110,"column":26},"end":{"line":112,"column":8}},"84":{"start":{"line":111,"column":8},"end":{"line":111,"column":61}},"85":{"start":{"line":114,"column":6},"end":{"line":120,"column":7}},"86":{"start":{"line":115,"column":8},"end":{"line":119,"column":10}},"87":{"start":{"line":122,"column":6},"end":{"line":122,"column":46}},"88":{"start":{"line":127,"column":21},"end":{"line":127,"column":42}},"89":{"start":{"line":129,"column":6},"end":{"line":135,"column":7}},"90":{"start":{"line":130,"column":8},"end":{"line":134,"column":10}},"91":{"start":{"line":137,"column":21},"end":{"line":137,"column":47}},"92":{"start":{"line":138,"column":25},"end":{"line":138,"column":56}},"93":{"start":{"line":139,"column":26},"end":{"line":139,"column":61}},"94":{"start":{"line":141,"column":6},"end":{"line":150,"column":7}},"95":{"start":{"line":142,"column":22},"end":{"line":142,"column":43}},"96":{"start":{"line":143,"column":24},"end":{"line":143,"column":47}},"97":{"start":{"line":144,"column":20},"end":{"line":144,"column":39}},"98":{"start":{"line":145,"column":8},"end":{"line":149,"column":10}},"99":{"start":{"line":152,"column":6},"end":{"line":154,"column":25}},"100":{"start":{"line":153,"column":8},"end":{"line":153,"column":54}},"101":{"start":{"line":155,"column":27},"end":{"line":155,"column":62}},"102":{"start":{"line":156,"column":6},"end":{"line":156,"column":47}},"103":{"start":{"line":161,"column":25},"end":{"line":161,"column":56}},"104":{"start":{"line":162,"column":26},"end":{"line":162,"column":61}},"105":{"start":{"line":164,"column":6},"end":{"line":173,"column":7}},"106":{"start":{"line":165,"column":22},"end":{"line":165,"column":43}},"107":{"start":{"line":166,"column":24},"end":{"line":166,"column":47}},"108":{"start":{"line":167,"column":20},"end":{"line":167,"column":39}},"109":{"start":{"line":168,"column":8},"end":{"line":172,"column":10}},"110":{"start":{"line":175,"column":6},"end":{"line":177,"column":9}},"111":{"start":{"line":176,"column":8},"end":{"line":176,"column":54}},"112":{"start":{"line":178,"column":6},"end":{"line":180,"column":8}},"113":{"start":{"line":184,"column":2},"end":{"line":184,"column":24}},"114":{"start":{"line":187,"column":15},"end":{"line":187,"column":29}},"115":{"start":{"line":188,"column":0},"end":{"line":188,"column":27}}},"fnMap":{"0":{"name":"_interopRequireDefault","decl":{"start":{"line":16,"column":9},"end":{"line":16,"column":31}},"loc":{"start":{"line":16,"column":37},"end":{"line":16,"column":95}},"line":16},"1":{"name":"_objectSpread","decl":{"start":{"line":18,"column":9},"end":{"line":18,"column":22}},"loc":{"start":{"line":18,"column":31},"end":{"line":18,"column":481}},"line":18},"2":{"name":"(anonymous_2)","decl":{"start":{"line":18,"column":295},"end":{"line":18,"column":296}},"loc":{"start":{"line":18,"column":310},"end":{"line":18,"column":377}},"line":18},"3":{"name":"(anonymous_3)","decl":{"start":{"line":18,"column":399},"end":{"line":18,"column":400}},"loc":{"start":{"line":18,"column":414},"end":{"line":18,"column":460}},"line":18},"4":{"name":"_defineProperty","decl":{"start":{"line":20,"column":9},"end":{"line":20,"column":24}},"loc":{"start":{"line":20,"column":42},"end":{"line":20,"column":209}},"line":20},"5":{"name":"_toConsumableArray","decl":{"start":{"line":22,"column":9},"end":{"line":22,"column":27}},"loc":{"start":{"line":22,"column":33},"end":{"line":22,"column":117}},"line":22},"6":{"name":"_nonIterableSpread","decl":{"start":{"line":24,"column":9},"end":{"line":24,"column":27}},"loc":{"start":{"line":24,"column":30},"end":{"line":24,"column":105}},"line":24},"7":{"name":"_iterableToArray","decl":{"start":{"line":26,"column":9},"end":{"line":26,"column":25}},"loc":{"start":{"line":26,"column":32},"end":{"line":26,"column":162}},"line":26},"8":{"name":"_arrayWithoutHoles","decl":{"start":{"line":28,"column":9},"end":{"line":28,"column":27}},"loc":{"start":{"line":28,"column":33},"end":{"line":28,"column":166}},"line":28},"9":{"name":"_classCallCheck","decl":{"start":{"line":30,"column":9},"end":{"line":30,"column":24}},"loc":{"start":{"line":30,"column":48},"end":{"line":30,"column":153}},"line":30},"10":{"name":"_defineProperties","decl":{"start":{"line":32,"column":9},"end":{"line":32,"column":26}},"loc":{"start":{"line":32,"column":42},"end":{"line":32,"column":317}},"line":32},"11":{"name":"_createClass","decl":{"start":{"line":34,"column":9},"end":{"line":34,"column":21}},"loc":{"start":{"line":34,"column":60},"end":{"line":34,"column":215}},"line":34},"12":{"name":"(anonymous_12)","decl":{"start":{"line":38,"column":0},"end":{"line":38,"column":1}},"loc":{"start":{"line":38,"column":12},"end":{"line":185,"column":1}},"line":38},"13":{"name":"AccountService","decl":{"start":{"line":39,"column":11},"end":{"line":39,"column":25}},"loc":{"start":{"line":39,"column":28},"end":{"line":41,"column":3}},"line":39},"14":{"name":"createAccountNumber","decl":{"start":{"line":45,"column":20},"end":{"line":45,"column":39}},"loc":{"start":{"line":45,"column":42},"end":{"line":61,"column":5}},"line":45},"15":{"name":"createAccount","decl":{"start":{"line":64,"column":20},"end":{"line":64,"column":33}},"loc":{"start":{"line":64,"column":43},"end":{"line":95,"column":5}},"line":64},"16":{"name":"listAccounts","decl":{"start":{"line":98,"column":20},"end":{"line":98,"column":32}},"loc":{"start":{"line":98,"column":35},"end":{"line":104,"column":5}},"line":98},"17":{"name":"(anonymous_17)","decl":{"start":{"line":100,"column":26},"end":{"line":100,"column":27}},"loc":{"start":{"line":100,"column":45},"end":{"line":103,"column":7}},"line":100},"18":{"name":"getSingleAccount","decl":{"start":{"line":107,"column":20},"end":{"line":107,"column":36}},"loc":{"start":{"line":107,"column":52},"end":{"line":123,"column":5}},"line":107},"19":{"name":"(anonymous_19)","decl":{"start":{"line":110,"column":40},"end":{"line":110,"column":41}},"loc":{"start":{"line":110,"column":66},"end":{"line":112,"column":7}},"line":110},"20":{"name":"updateAccountStatus","decl":{"start":{"line":126,"column":20},"end":{"line":126,"column":39}},"loc":{"start":{"line":126,"column":63},"end":{"line":157,"column":5}},"line":126},"21":{"name":"(anonymous_21)","decl":{"start":{"line":152,"column":20},"end":{"line":152,"column":21}},"loc":{"start":{"line":152,"column":39},"end":{"line":154,"column":7}},"line":152},"22":{"name":"deleteAccount","decl":{"start":{"line":160,"column":20},"end":{"line":160,"column":33}},"loc":{"start":{"line":160,"column":49},"end":{"line":181,"column":5}},"line":160},"23":{"name":"(anonymous_23)","decl":{"start":{"line":175,"column":69},"end":{"line":175,"column":70}},"loc":{"start":{"line":175,"column":88},"end":{"line":177,"column":7}},"line":175}},"branchMap":{"0":{"loc":{"start":{"line":16,"column":46},"end":{"line":16,"column":92}},"type":"cond-expr","locations":[{"start":{"line":16,"column":70},"end":{"line":16,"column":73}},{"start":{"line":16,"column":76},"end":{"line":16,"column":92}}],"line":16},"1":{"loc":{"start":{"line":16,"column":46},"end":{"line":16,"column":67}},"type":"binary-expr","locations":[{"start":{"line":16,"column":46},"end":{"line":16,"column":49}},{"start":{"line":16,"column":53},"end":{"line":16,"column":67}}],"line":16},"2":{"loc":{"start":{"line":18,"column":91},"end":{"line":18,"column":131}},"type":"cond-expr","locations":[{"start":{"line":18,"column":114},"end":{"line":18,"column":126}},{"start":{"line":18,"column":129},"end":{"line":18,"column":131}}],"line":18},"3":{"loc":{"start":{"line":18,"column":168},"end":{"line":18,"column":382}},"type":"if","locations":[{"start":{"line":18,"column":168},"end":{"line":18,"column":382}},{"start":{"line":18,"column":168},"end":{"line":18,"column":382}}],"line":18},"4":{"loc":{"start":{"line":20,"column":44},"end":{"line":20,"column":195}},"type":"if","locations":[{"start":{"line":20,"column":44},"end":{"line":20,"column":195}},{"start":{"line":20,"column":44},"end":{"line":20,"column":195}}],"line":20},"5":{"loc":{"start":{"line":22,"column":42},"end":{"line":22,"column":114}},"type":"binary-expr","locations":[{"start":{"line":22,"column":42},"end":{"line":22,"column":65}},{"start":{"line":22,"column":69},"end":{"line":22,"column":90}},{"start":{"line":22,"column":94},"end":{"line":22,"column":114}}],"line":22},"6":{"loc":{"start":{"line":26,"column":34},"end":{"line":26,"column":160}},"type":"if","locations":[{"start":{"line":26,"column":34},"end":{"line":26,"column":160}},{"start":{"line":26,"column":34},"end":{"line":26,"column":160}}],"line":26},"7":{"loc":{"start":{"line":26,"column":38},"end":{"line":26,"column":134}},"type":"binary-expr","locations":[{"start":{"line":26,"column":38},"end":{"line":26,"column":69}},{"start":{"line":26,"column":73},"end":{"line":26,"column":134}}],"line":26},"8":{"loc":{"start":{"line":28,"column":35},"end":{"line":28,"column":164}},"type":"if","locations":[{"start":{"line":28,"column":35},"end":{"line":28,"column":164}},{"start":{"line":28,"column":35},"end":{"line":28,"column":164}}],"line":28},"9":{"loc":{"start":{"line":30,"column":50},"end":{"line":30,"column":151}},"type":"if","locations":[{"start":{"line":30,"column":50},"end":{"line":30,"column":151}},{"start":{"line":30,"column":50},"end":{"line":30,"column":151}}],"line":30},"10":{"loc":{"start":{"line":32,"column":136},"end":{"line":32,"column":166}},"type":"binary-expr","locations":[{"start":{"line":32,"column":136},"end":{"line":32,"column":157}},{"start":{"line":32,"column":161},"end":{"line":32,"column":166}}],"line":32},"11":{"loc":{"start":{"line":32,"column":200},"end":{"line":32,"column":254}},"type":"if","locations":[{"start":{"line":32,"column":200},"end":{"line":32,"column":254}},{"start":{"line":32,"column":200},"end":{"line":32,"column":254}}],"line":32},"12":{"loc":{"start":{"line":34,"column":62},"end":{"line":34,"column":131}},"type":"if","locations":[{"start":{"line":34,"column":62},"end":{"line":34,"column":131}},{"start":{"line":34,"column":62},"end":{"line":34,"column":131}}],"line":34},"13":{"loc":{"start":{"line":34,"column":132},"end":{"line":34,"column":193}},"type":"if","locations":[{"start":{"line":34,"column":132},"end":{"line":34,"column":193}},{"start":{"line":34,"column":132},"end":{"line":34,"column":193}}],"line":34},"14":{"loc":{"start":{"line":50,"column":6},"end":{"line":52,"column":7}},"type":"if","locations":[{"start":{"line":50,"column":6},"end":{"line":52,"column":7}},{"start":{"line":50,"column":6},"end":{"line":52,"column":7}}],"line":50},"15":{"loc":{"start":{"line":114,"column":6},"end":{"line":120,"column":7}},"type":"if","locations":[{"start":{"line":114,"column":6},"end":{"line":120,"column":7}},{"start":{"line":114,"column":6},"end":{"line":120,"column":7}}],"line":114},"16":{"loc":{"start":{"line":129,"column":6},"end":{"line":135,"column":7}},"type":"if","locations":[{"start":{"line":129,"column":6},"end":{"line":135,"column":7}},{"start":{"line":129,"column":6},"end":{"line":135,"column":7}}],"line":129},"17":{"loc":{"start":{"line":141,"column":6},"end":{"line":150,"column":7}},"type":"if","locations":[{"start":{"line":141,"column":6},"end":{"line":150,"column":7}},{"start":{"line":141,"column":6},"end":{"line":150,"column":7}}],"line":141},"18":{"loc":{"start":{"line":164,"column":6},"end":{"line":173,"column":7}},"type":"if","locations":[{"start":{"line":164,"column":6},"end":{"line":173,"column":7}},{"start":{"line":164,"column":6},"end":{"line":173,"column":7}}],"line":164}},"s":{"0":1,"1":1,"2":1,"3":1,"4":1,"5":1,"6":4,"7":7,"8":7,"9":7,"10":7,"11":7,"12":7,"13":0,"14":7,"15":49,"16":7,"17":49,"18":0,"19":49,"20":49,"21":1,"22":0,"23":0,"24":0,"25":1,"26":1,"27":1,"28":1,"29":2,"30":1,"31":0,"32":0,"33":1,"34":1,"35":6,"36":6,"37":6,"38":6,"39":6,"40":6,"41":1,"42":0,"43":1,"44":1,"45":1,"46":1,"47":0,"48":1,"49":1,"50":1,"51":1,"52":1,"53":0,"54":1,"55":1,"56":1,"57":1,"58":1,"59":1,"60":1,"61":1,"62":1,"63":1,"64":1,"65":1,"66":1,"67":1,"68":1,"69":1,"70":1,"71":1,"72":1,"73":1,"74":1,"75":1,"76":1,"77":1,"78":1,"79":3,"80":3,"81":7,"82":7,"83":7,"84":9,"85":7,"86":1,"87":6,"88":2,"89":2,"90":1,"91":1,"92":1,"93":1,"94":1,"95":0,"96":0,"97":0,"98":0,"99":1,"100":1,"101":1,"102":1,"103":1,"104":1,"105":1,"106":0,"107":0,"108":0,"109":0,"110":1,"111":3,"112":1,"113":1,"114":1,"115":1},"f":{"0":4,"1":7,"2":0,"3":49,"4":49,"5":1,"6":0,"7":0,"8":1,"9":0,"10":1,"11":1,"12":1,"13":0,"14":1,"15":1,"16":1,"17":3,"18":7,"19":9,"20":2,"21":1,"22":1,"23":3},"b":{"0":[3,1],"1":[4,4],"2":[7,0],"3":[7,0],"4":[0,49],"5":[1,0,0],"6":[0,0],"7":[0,0],"8":[1,0],"9":[0,0],"10":[6,6],"11":[6,0],"12":[0,1],"13":[1,0],"14":[0,1],"15":[1,6],"16":[1,1],"17":[0,1],"18":[0,1]},"_coverageSchema":"43e27e138ebf9cfc5966b082cf9a028302ed4184","hash":"360c29a7b5a564cab6765ff955589f9278913139","contentHash":"2f5a9fd949198d18afb01c9de313902610870b89f5816f6ee6ef1130e7ef65ca"},"/Users/lateef/Documents/personal/banka/Api/src/data/accounts.data.js":{"path":"/Users/lateef/Documents/personal/banka/Api/src/data/accounts.data.js","statementMap":{"0":{"start":{"line":3,"column":0},"end":{"line":5,"column":3}},"1":{"start":{"line":6,"column":0},"end":{"line":6,"column":25}},"2":{"start":{"line":7,"column":15},"end":{"line":25,"column":1}},"3":{"start":{"line":26,"column":0},"end":{"line":26,"column":27}}},"fnMap":{},"branchMap":{},"s":{"0":1,"1":1,"2":1,"3":1},"f":{},"b":{},"_coverageSchema":"43e27e138ebf9cfc5966b082cf9a028302ed4184","hash":"e6c5d122b0832044c64bf62bc9257fd2e2edd531","contentHash":"04965ea0cd3f3d8ff7e1f1838ab113fbf27b81e28d40fe82001d1278b4ad6deb"},"/Users/lateef/Documents/personal/banka/Api/src/models/account.model.js":{"path":"/Users/lateef/Documents/personal/banka/Api/src/models/account.model.js","statementMap":{"0":{"start":{"line":3,"column":0},"end":{"line":5,"column":3}},"1":{"start":{"line":6,"column":0},"end":{"line":6,"column":25}},"2":{"start":{"line":8,"column":50},"end":{"line":8,"column":151}},"3":{"start":{"line":8,"column":92},"end":{"line":8,"column":149}},"4":{"start":{"line":10,"column":14},"end":{"line":20,"column":1}},"5":{"start":{"line":11,"column":2},"end":{"line":11,"column":33}},"6":{"start":{"line":13,"column":2},"end":{"line":13,"column":15}},"7":{"start":{"line":14,"column":2},"end":{"line":14,"column":37}},"8":{"start":{"line":15,"column":2},"end":{"line":15,"column":29}},"9":{"start":{"line":16,"column":2},"end":{"line":16,"column":21}},"10":{"start":{"line":17,"column":2},"end":{"line":17,"column":23}},"11":{"start":{"line":18,"column":2},"end":{"line":18,"column":19}},"12":{"start":{"line":19,"column":2},"end":{"line":19,"column":25}},"13":{"start":{"line":22,"column":0},"end":{"line":22,"column":26}}},"fnMap":{"0":{"name":"_classCallCheck","decl":{"start":{"line":8,"column":9},"end":{"line":8,"column":24}},"loc":{"start":{"line":8,"column":48},"end":{"line":8,"column":153}},"line":8},"1":{"name":"account","decl":{"start":{"line":10,"column":23},"end":{"line":10,"column":30}},"loc":{"start":{"line":10,"column":91},"end":{"line":20,"column":1}},"line":10}},"branchMap":{"0":{"loc":{"start":{"line":8,"column":50},"end":{"line":8,"column":151}},"type":"if","locations":[{"start":{"line":8,"column":50},"end":{"line":8,"column":151}},{"start":{"line":8,"column":50},"end":{"line":8,"column":151}}],"line":8}},"s":{"0":1,"1":1,"2":4,"3":0,"4":1,"5":4,"6":4,"7":4,"8":4,"9":4,"10":4,"11":4,"12":4,"13":1},"f":{"0":4,"1":4},"b":{"0":[0,4]},"_coverageSchema":"43e27e138ebf9cfc5966b082cf9a028302ed4184","hash":"46515d64cda9c33387e94dbef6b89ed6f5290c1d","contentHash":"b4532aa6d924e6b4ce917abcfb9e1e4fbff711289a5de73b3ca0f4d22b913f47"},"/Users/lateef/Documents/personal/banka/Api/src/routes/transactions.route.js":{"path":"/Users/lateef/Documents/personal/banka/Api/src/routes/transactions.route.js","statementMap":{"0":{"start":{"line":3,"column":0},"end":{"line":5,"column":3}},"1":{"start":{"line":6,"column":0},"end":{"line":6,"column":25}},"2":{"start":{"line":8,"column":15},"end":{"line":8,"column":33}},"3":{"start":{"line":10,"column":19},"end":{"line":10,"column":91}},"4":{"start":{"line":12,"column":39},"end":{"line":12,"column":93}},"5":{"start":{"line":14,"column":13},"end":{"line":14,"column":35}},"6":{"start":{"line":15,"column":0},"end":{"line":15,"column":74}},"7":{"start":{"line":16,"column":0},"end":{"line":16,"column":72}},"8":{"start":{"line":17,"column":15},"end":{"line":17,"column":21}},"9":{"start":{"line":18,"column":0},"end":{"line":18,"column":27}}},"fnMap":{"0":{"name":"_interopRequireDefault","decl":{"start":{"line":12,"column":9},"end":{"line":12,"column":31}},"loc":{"start":{"line":12,"column":37},"end":{"line":12,"column":95}},"line":12}},"branchMap":{"0":{"loc":{"start":{"line":12,"column":46},"end":{"line":12,"column":92}},"type":"cond-expr","locations":[{"start":{"line":12,"column":70},"end":{"line":12,"column":73}},{"start":{"line":12,"column":76},"end":{"line":12,"column":92}}],"line":12},"1":{"loc":{"start":{"line":12,"column":46},"end":{"line":12,"column":67}},"type":"binary-expr","locations":[{"start":{"line":12,"column":46},"end":{"line":12,"column":49}},{"start":{"line":12,"column":53},"end":{"line":12,"column":67}}],"line":12}},"s":{"0":1,"1":1,"2":1,"3":1,"4":1,"5":1,"6":1,"7":1,"8":1,"9":1},"f":{"0":1},"b":{"0":[1,0],"1":[1,1]},"_coverageSchema":"43e27e138ebf9cfc5966b082cf9a028302ed4184","hash":"90875888a2a10a17918120fb48f4cdc0df6f67c0","contentHash":"bd4daba37ed450b0e282d453d4075f1e3a91af0e692a456513383f07b14fa672"},"/Users/lateef/Documents/personal/banka/Api/src/controllers/transaction.controller.js":{"path":"/Users/lateef/Documents/personal/banka/Api/src/controllers/transaction.controller.js","statementMap":{"0":{"start":{"line":3,"column":0},"end":{"line":5,"column":3}},"1":{"start":{"line":6,"column":0},"end":{"line":6,"column":25}},"2":{"start":{"line":8,"column":19},"end":{"line":8,"column":85}},"3":{"start":{"line":10,"column":39},"end":{"line":10,"column":93}},"4":{"start":{"line":12,"column":50},"end":{"line":12,"column":151}},"5":{"start":{"line":12,"column":92},"end":{"line":12,"column":149}},"6":{"start":{"line":14,"column":44},"end":{"line":14,"column":315}},"7":{"start":{"line":14,"column":57},"end":{"line":14,"column":58}},"8":{"start":{"line":14,"column":102},"end":{"line":14,"column":110}},"9":{"start":{"line":14,"column":112},"end":{"line":14,"column":167}},"10":{"start":{"line":14,"column":168},"end":{"line":14,"column":199}},"11":{"start":{"line":14,"column":200},"end":{"line":14,"column":254}},"12":{"start":{"line":14,"column":227},"end":{"line":14,"column":254}},"13":{"start":{"line":14,"column":255},"end":{"line":14,"column":313}},"14":{"start":{"line":16,"column":62},"end":{"line":16,"column":131}},"15":{"start":{"line":16,"column":78},"end":{"line":16,"column":131}},"16":{"start":{"line":16,"column":132},"end":{"line":16,"column":193}},"17":{"start":{"line":16,"column":149},"end":{"line":16,"column":193}},"18":{"start":{"line":16,"column":194},"end":{"line":16,"column":213}},"19":{"start":{"line":20,"column":0},"end":{"line":76,"column":3}},"20":{"start":{"line":22,"column":4},"end":{"line":22,"column":49}},"21":{"start":{"line":25,"column":2},"end":{"line":73,"column":6}},"22":{"start":{"line":28,"column":26},"end":{"line":28,"column":50}},"23":{"start":{"line":29,"column":22},"end":{"line":29,"column":30}},"24":{"start":{"line":30,"column":20},"end":{"line":30,"column":37}},"25":{"start":{"line":31,"column":19},"end":{"line":31,"column":35}},"26":{"start":{"line":33,"column":24},"end":{"line":33,"column":105}},"27":{"start":{"line":35,"column":6},"end":{"line":42,"column":7}},"28":{"start":{"line":36,"column":24},"end":{"line":36,"column":45}},"29":{"start":{"line":37,"column":22},"end":{"line":37,"column":41}},"30":{"start":{"line":38,"column":8},"end":{"line":41,"column":11}},"31":{"start":{"line":44,"column":6},"end":{"line":47,"column":9}},"32":{"start":{"line":52,"column":26},"end":{"line":52,"column":50}},"33":{"start":{"line":53,"column":23},"end":{"line":53,"column":31}},"34":{"start":{"line":54,"column":20},"end":{"line":54,"column":38}},"35":{"start":{"line":55,"column":19},"end":{"line":55,"column":36}},"36":{"start":{"line":57,"column":24},"end":{"line":57,"column":104}},"37":{"start":{"line":59,"column":6},"end":{"line":66,"column":7}},"38":{"start":{"line":60,"column":24},"end":{"line":60,"column":45}},"39":{"start":{"line":61,"column":22},"end":{"line":61,"column":41}},"40":{"start":{"line":62,"column":8},"end":{"line":65,"column":11}},"41":{"start":{"line":68,"column":6},"end":{"line":71,"column":9}},"42":{"start":{"line":75,"column":2},"end":{"line":75,"column":31}},"43":{"start":{"line":78,"column":15},"end":{"line":78,"column":36}},"44":{"start":{"line":79,"column":0},"end":{"line":79,"column":27}}},"fnMap":{"0":{"name":"_interopRequireDefault","decl":{"start":{"line":10,"column":9},"end":{"line":10,"column":31}},"loc":{"start":{"line":10,"column":37},"end":{"line":10,"column":95}},"line":10},"1":{"name":"_classCallCheck","decl":{"start":{"line":12,"column":9},"end":{"line":12,"column":24}},"loc":{"start":{"line":12,"column":48},"end":{"line":12,"column":153
[...]
umn":6},"end":{"line":42,"column":7}},{"start":{"line":35,"column":6},"end":{"line":42,"column":7}}],"line":35},"8":{"loc":{"start":{"line":59,"column":6},"end":{"line":66,"column":7}},"type":"if","locations":[{"start":{"line":59,"column":6},"end":{"line":66,"column":7}},{"start":{"line":59,"column":6},"end":{"line":66,"column":7}}],"line":59}},"s":{"0":1,"1":1,"2":1,"3":1,"4":0,"5":0,"6":1,"7":1,"8":2,"9":2,"10":2,"11":2,"12":2,"13":2,"14":1,"15":0,"16":1,"17":1,"18":1,"19":1,"20":0,"21":1,"22":1,"23":1,"24":1,"25":1,"26":1,"27":1,"28":0,"29":0,"30":0,"31":1,"32":1,"33":1,"34":1,"35":1,"36":1,"37":1,"38":0,"39":0,"40":0,"41":1,"42":1,"43":1,"44":1},"f":{"0":1,"1":0,"2":1,"3":1,"4":1,"5":0,"6":1,"7":1},"b":{"0":[1,0],"1":[1,1],"2":[0,0],"3":[2,2],"4":[2,0],"5":[0,1],"6":[1,0],"7":[0,1],"8":[0,1]},"_coverageSchema":"43e27e138ebf9cfc5966b082cf9a028302ed4184","hash":"de580297580cc17665ffe9567def144e1952ae04","contentHash":"c5e415a30380c2b51041a83636fabc10866f2165caa4694a270f9c009e698dc5"},"/Users/lateef/Documents/personal/banka/Api/src/services/transaction.service.js":{"path":"/Users/lateef/Documents/personal/banka/Api/src/services/transaction.service.js","statementMap":{"0":{"start":{"line":3,"column":0},"end":{"line":5,"column":3}},"1":{"start":{"line":6,"column":0},"end":{"line":6,"column":25}},"2":{"start":{"line":8,"column":14},"end":{"line":8,"column":55}},"3":{"start":{"line":10,"column":19},"end":{"line":10,"column":78}},"4":{"start":{"line":12,"column":16},"end":{"line":12,"column":72}},"5":{"start":{"line":14,"column":20},"end":{"line":14,"column":82}},"6":{"start":{"line":16,"column":15},"end":{"line":16,"column":67}},"7":{"start":{"line":18,"column":39},"end":{"line":18,"column":93}},"8":{"start":{"line":20,"column":35},"end":{"line":20,"column":115}},"9":{"start":{"line":22,"column":32},"end":{"line":22,"column":103}},"10":{"start":{"line":24,"column":34},"end":{"line":24,"column":160}},"11":{"start":{"line":24,"column":136},"end":{"line":24,"column":160}},"12":{"start":{"line":26,"column":35},"end":{"line":26,"column":164}},"13":{"start":{"line":26,"column":61},"end":{"line":26,"column":149}},"14":{"start":{"line":26,"column":74},"end":{"line":26,"column":75}},"15":{"start":{"line":26,"column":84},"end":{"line":26,"column":105}},"16":{"start":{"line":26,"column":130},"end":{"line":26,"column":147}},"17":{"start":{"line":26,"column":150},"end":{"line":26,"column":162}},"18":{"start":{"line":28,"column":33},"end":{"line":28,"column":464}},"19":{"start":{"line":28,"column":46},"end":{"line":28,"column":47}},"20":{"start":{"line":28,"column":91},"end":{"line":28,"column":131}},"21":{"start":{"line":28,"column":147},"end":{"line":28,"column":166}},"22":{"start":{"line":28,"column":168},"end":{"line":28,"column":382}},"23":{"start":{"line":28,"column":226},"end":{"line":28,"column":380}},"24":{"start":{"line":28,"column":312},"end":{"line":28,"column":375}},"25":{"start":{"line":28,"column":383},"end":{"line":28,"column":462}},"26":{"start":{"line":28,"column":416},"end":{"line":28,"column":458}},"27":{"start":{"line":28,"column":465},"end":{"line":28,"column":479}},"28":{"start":{"line":30,"column":44},"end":{"line":30,"column":195}},"29":{"start":{"line":30,"column":62},"end":{"line":30,"column":166}},"30":{"start":{"line":30,"column":176},"end":{"line":30,"column":193}},"31":{"start":{"line":30,"column":196},"end":{"line":30,"column":207}},"32":{"start":{"line":32,"column":50},"end":{"line":32,"column":151}},"33":{"start":{"line":32,"column":92},"end":{"line":32,"column":149}},"34":{"start":{"line":34,"column":44},"end":{"line":34,"column":315}},"35":{"start":{"line":34,"column":57},"end":{"line":34,"column":58}},"36":{"start":{"line":34,"column":102},"end":{"line":34,"column":110}},"37":{"start":{"line":34,"column":112},"end":{"line":34,"column":167}},"38":{"start":{"line":34,"column":168},"end":{"line":34,"column":199}},"39":{"start":{"line":34,"column":200},"end":{"line":34,"column":254}},"40":{"start":{"line":34,"column":227},"end":{"line":34,"column":254}},"41":{"start":{"line":34,"column":255},"end":{"line":34,"column":313}},"42":{"start":{"line":36,"column":62},"end":{"line":36,"column":131}},"43":{"start":{"line":36,"column":78},"end":{"line":36,"column":131}},"44":{"start":{"line":36,"column":132},"end":{"line":36,"column":193}},"45":{"start":{"line":36,"column":149},"end":{"line":36,"column":193}},"46":{"start":{"line":36,"column":194},"end":{"line":36,"column":213}},"47":{"start":{"line":40,"column":0},"end":{"line":134,"column":3}},"48":{"start":{"line":42,"column":4},"end":{"line":42,"column":46}},"49":{"start":{"line":45,"column":2},"end":{"line":131,"column":6}},"50":{"start":{"line":48,"column":6},"end":{"line":54,"column":7}},"51":{"start":{"line":49,"column":8},"end":{"line":53,"column":10}},"52":{"start":{"line":56,"column":6},"end":{"line":58,"column":8}},"53":{"start":{"line":63,"column":27},"end":{"line":63,"column":75}},"54":{"start":{"line":65,"column":6},"end":{"line":74,"column":7}},"55":{"start":{"line":66,"column":20},"end":{"line":66,"column":40}},"56":{"start":{"line":67,"column":22},"end":{"line":67,"column":44}},"57":{"start":{"line":68,"column":24},"end":{"line":68,"column":48}},"58":{"start":{"line":69,"column":8},"end":{"line":73,"column":10}},"59":{"start":{"line":76,"column":27},"end":{"line":76,"column":49}},"60":{"start":{"line":78,"column":6},"end":{"line":80,"column":7}},"61":{"start":{"line":79,"column":8},"end":{"line":79,"column":33}},"62":{"start":{"line":82,"column":6},"end":{"line":84,"column":7}},"63":{"start":{"line":83,"column":8},"end":{"line":83,"column":33}},"64":{"start":{"line":86,"column":6},"end":{"line":86,"column":28}},"65":{"start":{"line":91,"column":25},"end":{"line":91,"column":58}},"66":{"start":{"line":92,"column":31},"end":{"line":92,"column":50}},"67":{"start":{"line":93,"column":19},"end":{"line":93,"column":58}},"68":{"start":{"line":94,"column":18},"end":{"line":94,"column":28}},"69":{"start":{"line":95,"column":6},"end":{"line":95,"column":19}},"70":{"start":{"line":100,"column":27},"end":{"line":100,"column":62}},"71":{"start":{"line":102,"column":6},"end":{"line":104,"column":7}},"72":{"start":{"line":103,"column":8},"end":{"line":103,"column":49}},"73":{"start":{"line":106,"column":27},"end":{"line":106,"column":71}},"74":{"start":{"line":108,"column":6},"end":{"line":110,"column":7}},"75":{"start":{"line":109,"column":8},"end":{"line":109,"column":49}},"76":{"start":{"line":112,"column":22},"end":{"line":112,"column":65}},"77":{"start":{"line":113,"column":28},"end":{"line":113,"column":32}},"78":{"start":{"line":114,"column":15},"end":{"line":114,"column":43}},"79":{"start":{"line":115,"column":27},"end":{"line":115,"column":132}},"80":{"start":{"line":116,"column":6},"end":{"line":116,"column":125}},"81":{"start":{"line":117,"column":25},"end":{"line":117,"column":56}},"82":{"start":{"line":118,"column":21},"end":{"line":118,"column":47}},"83":{"start":{"line":119,"column":6},"end":{"line":121,"column":34}},"84":{"start":{"line":120,"column":8},"end":{"line":120,"column":54}},"85":{"start":{"line":122,"column":6},"end":{"line":129,"column":8}},"86":{"start":{"line":133,"column":2},"end":{"line":133,"column":28}},"87":{"start":{"line":136,"column":15},"end":{"line":136,"column":33}},"88":{"start":{"line":137,"column":0},"end":{"line":137,"column":27}}},"fnMap":{"0":{"name":"_interopRequireDefault","decl":{"start":{"line":18,"column":9},"end":{"line":18,"column":31}},"loc":{"start":{"line":18,"column":37},"end":{"line":18,"column":95}},"line":18},"1":{"name":"_toConsumableArray","decl":{"start":{"line":20,"column":9},"end":{"line":20,"column":27}},"loc":{"start":{"line":20,"column":33},"end":{"line":20,"column":117}},"line":20},"2":{"name":"_nonIterableSpread","decl":{"start":{"line":22,"column":9},"end":{"line":22,"column":27}},"loc":{"start":{"line":22,"column":30},"end":{"line":22,"column":105}},"line":22},"3":{"name":"_iterableToArray","decl":{"start":{"line":24,"column":9},"end":{"line":24,"column":25}},"loc":{"start":{"line":24,"column":32},"end":{"line":24,"column":162}},"line":24},"4":{"name":"_arrayWithoutHoles","decl":{"start":{"line":26,"column":9},"end":{"line":26,"column":27}},"loc":{"start":{"line":26,"column":33},"end":{"line":26,"column":166}},"line":26},"5":{"name":"_objectSpread","decl":{"start":{"line":28,"column":9},"end":{"line":28,"column":22}},"loc":{"start":{"line":28,"column":31},"end":{"line":28,"column":481}},"line":28},"6":{"name":"(anonymous_6)","decl":{"start":{"line":28,"column":295},"end":{"line":28,"column":296}},"loc":{"start":{"line":28,"column":310},"end":{"line":28,"column":377}},"line":28},"7":{"name":"(anonymous_7)","decl":{"start":{"line":28,"column":399},"end":{"line":28,"column":400}},"loc":{"start":{"line":28,"column":414},"end":{"line":28,"column":460}},"line":28},"8":{"name":"_defineProperty","decl":{"start":{"line":30,"column":9},"end":{"line":30,"column":24}},"loc":{"start":{"line":30,"column":42},"end":{"line":30,"column":209}},"line":30},"9":{"name":"_classCallCheck","decl":{"start":{"line":32,"column":9},"end":{"line":32,"column":24}},"loc":{"start":{"line":32,"column":48},"end":{"line":32,"column":153}},"line":32},"10":{"name":"_defineProperties","decl":{"start":{"line":34,"column":9},"end":{"line":34,"column":26}},"loc":{"start":{"line":34,"column":42},"end":{"line":34,"column":317}},"line":34},"11":{"name":"_createClass","decl":{"start":{"line":36,"column":9},"end":{"line":36,"column":21}},"loc":{"start":{"line":36,"column":60},"end":{"line":36,"column":215}},"line":36},"12":{"name":"(anonymous_12)","decl":{"start":{"line":40,"column":0},"end":{"line":40,"column":1}},"loc":{"start":{"line":40,"column":12},"end":{"line":134,"column":1}},"line":40},"13":{"name":"TransactionService","decl":{"start":{"line":41,"column":11},"end":{"line":41,"column":29}},"loc":{"start":{"line":41,"column":32},"end":{"line":43,"column":3}},"line":41},"14":{"name":"validateEntry","decl":{"start":{"line":47,"column":20},"end":{"line":47,"column":33}},"loc":{"start":{"line":47,"column":51},"end":{"line":59,"column":5}},"line":47},"15":{"name":"newBalance","decl":{"start":{"line":62,"column":20},"end":{"line":62,"column":30}},"loc":{"start":{"line":62,"column":60},"end":{"line":87,"column":5}},"line":62},"16":{"name":"generateTransactionID","decl":{"start":{"line":90,"column":20},"end":{"line":90,"column":41}},"loc":{"start":{"line":90,"column":44},"end":{"line":96,"column":5}},"line":90},"17":{"name":"accountTransaction","decl":{"start":{"line":99,"column":20},"end":{"line":99,"column":38}},"loc":{"start":{"line":99,"column":77},"end":{"line":130,"column":5}},"line":99},"18":{"name":"(anonymous_18)","decl":{"start":{"line":119,"column":20},"end":{"line":119,"column":21}},"loc":{"start":{"line":119,"column":39},"end":{"line":121,"column":7}},"line":119}},"branchMap":{"0":{"loc":{"start":{"line":18,"column":46},"end":{"line":18,"column":92}},"type":"cond-expr","locations":[{"start":{"line":18,"column":70},"end":{"line":18,"column":73}},{"start":{"line":18,"column":76},"end":{"line":18,"column":92}}],"line":18},"1":{"loc":{"start":{"line":18,"column":46},"end":{"line":18,"column":67}},"type":"binary-expr","locations":[{"start":{"line":18,"column":46},"end":{"line":18,"column":49}},{"start":{"line":18,"column":53},"end":{"line":18,"column":67}}],"line":18},"2":{"loc":{"start":{"line":20,"column":42},"end":{"line":20,"column":114}},"type":"binary-expr","locations":[{"start":{"line":20,"column":42},"end":{"line":20,"column":65}},{"start":{"line":20,"column":69},"end":{"line":20,"column":90}},{"start":{"line":20,"column":94},"end":{"line":20,"column":114}}],"line":20},"3":{"loc":{"start":{"line":24,"column":34},"end":{"line":24,"column":160}},"type":"if","locations":[{"start":{"line":24,"column":34},"end":{"line":24,"column":160}},{"start":{"line":24,"column":34},"end":{"line":24,"column":160}}],"line":24},"4":{"loc":{"start":{"line":24,"column":38},"end":{"line":24,"column":134}},"type":"binary-expr","locations":[{"start":{"line":24,"column":38},"end":{"line":24,"column":69}},{"start":{"line":24,"column":73},"end":{"line":24,"column":134}}],"line":24},"5":{"loc":{"start":{"line":26,"column":35},"end":{"line":26,"column":164}},"type":"if","locations":[{"start":{"line":26,"column":35},"end":{"line":26,"column":164}},{"start":{"line":26,"column":35},"end":{"line":26,"column":164}}],"line":26},"6":{"loc":{"start":{"line":28,"column":91},"end":{"line":28,"column":131}},"type":"cond-expr","locations":[{"start":{"line":28,"column":114},"end":{"line":28,"column":126}},{"start":{"line":28,"column":129},"end":{"line":28,"column":131}}],"line":28},"7":{"loc":{"start":{"line":28,"column":168},"end":{"line":28,"column":382}},"type":"if","locations":[{"start":{"line":28,"column":168},"end":{"line":28,"column":382}},{"start":{"line":28,"column":168},"end":{"line":28,"column":382}}],"line":28},"8":{"loc":{"start":{"line":30,"column":44},"end":{"line":30,"column":195}},"type":"if","locations":[{"start":{"line":30,"column":44},"end":{"line":30,"column":195}},{"start":{"line":30,"column":44},"end":{"line":30,"column":195}}],"line":30},"9":{"loc":{"start":{"line":32,"column":50},"end":{"line":32,"column":151}},"type":"if","locations":[{"start":{"line":32,"column":50},"end":{"line":32,"column":151}},{"start":{"line":32,"column":50},"end":{"line":32,"column":151}}],"line":32},"10":{"loc":{"start":{"line":34,"column":136},"end":{"line":34,"column":166}},"type":"binary-expr","locations":[{"start":{"line":34,"column":136},"end":{"line":34,"column":157}},{"start":{"line":34,"column":161},"end":{"line":34,"column":166}}],"line":34},"11":{"loc":{"start":{"line":34,"column":200},"end":{"line":34,"column":254}},"type":"if","locations":[{"start":{"line":34,"column":200},"end":{"line":34,"column":254}},{"start":{"line":34,"column":200},"end":{"line":34,"column":254}}],"line":34},"12":{"loc":{"start":{"line":36,"column":62},"end":{"line":36,"column":131}},"type":"if","locations":[{"start":{"line":36,"column":62},"end":{"line":36,"column":131}},{"start":{"line":36,"column":62},"end":{"line":36,"column":131}}],"line":36},"13":{"loc":{"start":{"line":36,"column":132},"end":{"line":36,"column":193}},"type":"if","locations":[{"start":{"line":36,"column":132},"end":{"line":36,"column":193}},{"start":{"line":36,"column":132},"end":{"line":36,"column":193}}],"line":36},"14":{"loc":{"start":{"line":48,"column":6},"end":{"line":54,"column":7}},"type":"if","locations":[{"start":{"line":48,"column":6},"end":{"line":54,"column":7}},{"start":{"line":48,"column":6},"end":{"line":54,"column":7}}],"line":48},"15":{"loc":{"start":{"line":48,"column":10},"end":{"line":48,"column":29}},"type":"binary-expr","locations":[{"start":{"line":48,"column":10},"end":{"line":48,"column":17}},{"start":{"line":48,"column":21},"end":{"line":48,"column":29}}],"line":48},"16":{"loc":{"start":{"line":65,"column":6},"end":{"line":74,"column":7}},"type":"if","locations":[{"start":{"line":65,"column":6},"end":{"line":74,"column":7}},{"start":{"line":65,"column":6},"end":{"line":74,"column":7}}],"line":65},"17":{"loc":{"start":{"line":78,"column":6},"end":{"line":80,"column":7}},"type":"if","locations":[{"start":{"line":78,"column":6},"end":{"line":80,"column":7}},{"start":{"line":78,"column":6},"end":{"line":80,"column":7}}],"line":78},"18":{"loc":{"start":{"line":82,"column":6},"end":{"line":84,"column":7}},"type":"if","locations":[{"start":{"line":82,"column":6},"end":{"line":84,"column":7}},{"start":{"line":82,"column":6},"end":{"line":84,"column":7}}],"line":82},"19":{"loc":{"start":{"line":102,"column":6},"end":{"line":104,"column":7}},"type":"if","locations":[{"start":{"line":102,"column":6},"end":{"line":104,"column":7}},{"start":{"line":102,"column":6},"end":{"line":104,"column":7}}],"line":102},"20":{"loc":{"start":{"line":108,"column":6},"end":{"line":110,"column":7}},"type":"if","locations":[{"start":{"line":108,"column":6},"end":{"line":110,"column":7}},{"start":{"line":108,"column":6},"end":{"line":110,"column":7}}],"line":108}},"s":{"0":1,"1":1,"2":1,"3":1,"4":1,"5":1,"6":1,"7":5,"8":2,"9":0,"10":0,"11":0,"12":2,"13":2,"14":2,"15":2,"16":5,"17":2,"18":0,"19":0,"20":0,"21":0,"22":0,"23":0,"24":0,"25":0,"26":0,"27":0,"28":0,"29":0,"30":0,"31":0,"32":0,"33":0,"34":1,"35":1,"36":4,"37":4,"38":4,"39":4,"40":4,"41":4,"42":1,"43":0,"44":1,"45":1,"46":1,"47":1,"48":0,"49":1,"50":2,"51":0,"52":2,"53":2,"54":2,"55":0,"56":0,"57":0,"58":0,"59":2,"60":2,"61":1,"62":2,"63":1,"64":2,"65":2,"66":2,"67":2,"68":2,"69":2,"70":2,"71":2,"72":0,"73":2,"74":2,"75":0,"76":2,"77":2,"78":2,"79":2,"80":2,"81":2,"82":2,"83":2,"84":2,"85":2,"86":1,"87":1,"88":1},"f":{"0":5,"1":2,"2":0,"3":0,"4":2,"5":0,"6":0,"7":0,"8":0,"9":0,"10":1,"11":1,"12":1,"13":0,"14":2,"15":2,"16":2,"17":2,"18":2},"b":{"0":[4,1],"1":[5,5],"2":[2,0,0],"3":[0,0],"4":[0,0],"5":[2,0],"6":[0,0],"7":[0,0],"8":[0,0],"9":[0,0],"10":[4,4],"11":[4,0],"12":[0,1],"13":[1,0],"14":[0,2],"15":[2,2],"16":[0,2],"17":[1,1],"18":[1,1],"19":[0,2],"20":[0,2]},"_coverageSchema":"43e27e138ebf9cfc5966b082cf9a028302ed4184","hash":"ac222fd63c60a1213caf59eb9d79ede073f7682b","contentHash":"5ee2a8ab0fc1b7a02b450e9d23aa8ffe6b4e01fc43d0ef9b15173a3665fca15e"},"/Users/lateef/Documents/personal/banka/Api/src/data/transaction.data.js":{"path":"/Users/lateef/Documents/personal/banka/Api/src/data/transaction.data.js","statementMap":{"0":{"start":{"line":3,"column":0},"end":{"line":5,"column":3}},"1":{"start":{"line":6,"column":0},"end":{"line":6,"column":25}},"2":{"start":{"line":7,"column":15},"end":{"line":25,"column":1}},"3":{"start":{"line":26,"column":0},"end":{"line":26,"column":27}}},"fnMap":{},"branchMap":{},"s":{"0":1,"1":1,"2":1,"3":1},"f":{},"b":{},"_coverageSchema":"43e27e138ebf9cfc5966b082cf9a028302ed4184","hash":"e00eec13df302662b484272b428ea0b4749d94ec","contentHash":"53d50394a99ea74677fd05dc17635d7257773e1404a21beabd94e65ae93cebfb"},"/Users/lateef/Documents/personal/banka/Api/src/models/transaction.model.js":{"path":"/Users/lateef/Documents/personal/banka/Api/src/models/transaction.model.js","statementMap":{"0":{"start":{"line":3,"column":0},"end":{"line":5,"column":3}},"1":{"start":{"line":6,"column":0},"end":{"line":6,"column":25}},"2":{"start":{"line":8,"column":50},"end":{"line":8,"column":151}},"3":{"start":{"line":8,"column":92},"end":{"line":8,"column":149}},"4":{"start":{"line":10,"column":14},"end":{"line":20,"column":1}},"5":{"start":{"line":11,"column":2},"end":{"line":11,"column":33}},"6":{"start":{"line":13,"column":2},"end":{"line":13,"column":15}},"7":{"start":{"line":14,"column":2},"end":{"line":14,"column":37}},"8":{"start":{"line":15,"column":2},"end":{"line":15,"column":29}},"9":{"start":{"line":16,"column":2},"end":{"line":16,"column":23}},"10":{"start":{"line":17,"column":2},"end":{"line":17,"column":25}},"11":{"start":{"line":18,"column":2},"end":{"line":18,"column":39}},"12":{"start":{"line":19,"column":2},"end":{"line":19,"column":41}},"13":{"start":{"line":22,"column":0},"end":{"line":22,"column":26}}},"fnMap":{"0":{"name":"_classCallCheck","decl":{"start":{"line":8,"column":9},"end":{"line":8,"column":24}},"loc":{"start":{"line":8,"column":48},"end":{"line":8,"column":153}},"line":8},"1":{"name":"account","decl":{"start":{"line":10,"column":23},"end":{"line":10,"column":30}},"loc":{"start":{"line":10,"column":111},"end":{"line":20,"column":1}},"line":10}},"branchMap":{"0":{"loc":{"start":{"line":8,"column":50},"end":{"line":8,"column":151}},"type":"if","locations":[{"start":{"line":8,"column":50},"end":{"line":8,"column":151}},{"start":{"line":8,"column":50},"end":{"line":8,"column":151}}],"line":8}},"s":{"0":1,"1":1,"2":2,"3":0,"4":1,"5":2,"6":2,"7":2,"8":2,"9":2,"10":2,"11":2,"12":2,"13":1},"f":{"0":2,"1":2},"b":{"0":[0,2]},"_coverageSchema":"43e27e138ebf9cfc5966b082cf9a028302ed4184","hash":"a7fa2a116cc4f20e0804181bd568122a3094197f","contentHash":"b266cfe7a9696fcdfbe8a6632e60f7462b681d8710641cd78e86dcbe2a4b6361"}}